INFO  - 2015-04-21 00:58:37.906; [   ] org.eclipse.jetty.server.Server; jetty-8.1.10.v20130312
INFO  - 2015-04-21 00:58:37.941; [   ] org.eclipse.jetty.deploy.providers.ScanningAppProvider; Deployment monitor /home/bear/cs373-idb/solr/server/contexts at interval 0
INFO  - 2015-04-21 00:58:37.948; [   ] org.eclipse.jetty.deploy.DeploymentManager; Deployable added: /home/bear/cs373-idb/solr/server/contexts/solr-jetty-context.xml
INFO  - 2015-04-21 00:58:39.608; [   ] org.eclipse.jetty.webapp.StandardDescriptorProcessor; NO JSP Support for /solr, did not find org.apache.jasper.servlet.JspServlet
INFO  - 2015-04-21 00:58:39.756; [   ] org.apache.solr.servlet.SolrDispatchFilter; SolrDispatchFilter.init()WebAppClassLoader=1150312559@4490606f
INFO  - 2015-04-21 00:58:39.779; [   ] org.apache.solr.core.SolrResourceLoader; JNDI not configured for solr (NoInitialContextEx)
INFO  - 2015-04-21 00:58:39.779; [   ] org.apache.solr.core.SolrResourceLoader; using system property solr.solr.home: /home/bear/cs373-idb/solr/example/cloud/node2/solr
INFO  - 2015-04-21 00:58:39.780; [   ] org.apache.solr.core.SolrResourceLoader; new SolrResourceLoader for directory: '/home/bear/cs373-idb/solr/example/cloud/node2/solr/'
INFO  - 2015-04-21 00:58:39.965; [   ] org.apache.solr.core.SolrXmlConfig; Loading container configuration from /home/bear/cs373-idb/solr/example/cloud/node2/solr/solr.xml
INFO  - 2015-04-21 00:58:40.132; [   ] org.apache.solr.core.CorePropertiesLocator; Config-defined core root directory: /home/bear/cs373-idb/solr/example/cloud/node2/solr
INFO  - 2015-04-21 00:58:40.170; [   ] org.apache.solr.core.CoreContainer; New CoreContainer 135468765
INFO  - 2015-04-21 00:58:40.170; [   ] org.apache.solr.core.CoreContainer; Loading cores into CoreContainer [instanceDir=/home/bear/cs373-idb/solr/example/cloud/node2/solr/]
INFO  - 2015-04-21 00:58:40.170; [   ] org.apache.solr.core.CoreContainer; loading shared library: /home/bear/cs373-idb/solr/example/cloud/node2/solr/lib
WARN  - 2015-04-21 00:58:40.170; [   ] org.apache.solr.core.SolrResourceLoader; Can't find (or read) directory to add to classloader: lib (resolved as: /home/bear/cs373-idb/solr/example/cloud/node2/solr/lib).
INFO  - 2015-04-21 00:58:40.198; [   ] org.apache.solr.handler.component.HttpShardHandlerFactory; Setting socketTimeout to: 600000
INFO  - 2015-04-21 00:58:40.198; [   ] org.apache.solr.handler.component.HttpShardHandlerFactory; Setting urlScheme to: null
INFO  - 2015-04-21 00:58:40.204; [   ] org.apache.solr.handler.component.HttpShardHandlerFactory; Setting connTimeout to: 60000
INFO  - 2015-04-21 00:58:40.204; [   ] org.apache.solr.handler.component.HttpShardHandlerFactory; Setting maxConnectionsPerHost to: 20
INFO  - 2015-04-21 00:58:40.205; [   ] org.apache.solr.handler.component.HttpShardHandlerFactory; Setting maxConnections to: 10000
INFO  - 2015-04-21 00:58:40.205; [   ] org.apache.solr.handler.component.HttpShardHandlerFactory; Setting corePoolSize to: 0
INFO  - 2015-04-21 00:58:40.205; [   ] org.apache.solr.handler.component.HttpShardHandlerFactory; Setting maximumPoolSize to: 2147483647
INFO  - 2015-04-21 00:58:40.205; [   ] org.apache.solr.handler.component.HttpShardHandlerFactory; Setting maxThreadIdleTime to: 5
INFO  - 2015-04-21 00:58:40.206; [   ] org.apache.solr.handler.component.HttpShardHandlerFactory; Setting sizeOfQueue to: -1
INFO  - 2015-04-21 00:58:40.206; [   ] org.apache.solr.handler.component.HttpShardHandlerFactory; Setting fairnessPolicy to: false
INFO  - 2015-04-21 00:58:40.206; [   ] org.apache.solr.handler.component.HttpShardHandlerFactory; Setting useRetries to: false
INFO  - 2015-04-21 00:58:40.556; [   ] org.apache.solr.update.UpdateShardHandler; Creating UpdateShardHandler HTTP client with params: socketTimeout=600000&connTimeout=60000&retry=true
INFO  - 2015-04-21 00:58:40.558; [   ] org.apache.solr.logging.LogWatcher; SLF4J impl is org.slf4j.impl.Log4jLoggerFactory
INFO  - 2015-04-21 00:58:40.559; [   ] org.apache.solr.logging.LogWatcher; Registering Log Listener [Log4j (org.slf4j.impl.Log4jLoggerFactory)]
INFO  - 2015-04-21 00:58:40.560; [   ] org.apache.solr.core.CoreContainer; Node Name: 
INFO  - 2015-04-21 00:58:40.561; [   ] org.apache.solr.core.ZkContainer; Zookeeper client=localhost:9983
INFO  - 2015-04-21 00:58:40.605; [   ] org.apache.solr.common.cloud.ConnectionManager; Waiting for client to connect to ZooKeeper
INFO  - 2015-04-21 00:58:40.621; [   ] org.apache.solr.common.cloud.ConnectionManager; Watcher org.apache.solr.common.cloud.ConnectionManager@1a32b772 name:ZooKeeperConnection Watcher:localhost:9983 got event WatchedEvent state:SyncConnected type:None path:null path:null type:None
INFO  - 2015-04-21 00:58:40.621; [   ] org.apache.solr.common.cloud.ConnectionManager; Client is connected to ZooKeeper
INFO  - 2015-04-21 00:58:40.651; [   ] org.apache.solr.common.cloud.ZkStateReader; Updating cluster state from ZooKeeper... 
INFO  - 2015-04-21 00:58:41.672; [   ] org.apache.solr.cloud.ZkController; Register node as live in ZooKeeper:/live_nodes/104.239.139.43:7574_solr
INFO  - 2015-04-21 00:58:41.674; [   ] org.apache.solr.common.cloud.SolrZkClient; makePath: /live_nodes/104.239.139.43:7574_solr
INFO  - 2015-04-21 00:58:41.684; [   ] org.apache.solr.cloud.Overseer; Overseer (id=null) closing
INFO  - 2015-04-21 00:58:41.782; [   ] org.apache.solr.core.CorePropertiesLocator; Looking for core definitions underneath /home/bear/cs373-idb/solr/example/cloud/node2/solr
INFO  - 2015-04-21 00:58:41.788; [   ] org.apache.solr.core.CorePropertiesLocator; Found 0 core definitions
INFO  - 2015-04-21 00:58:41.792; [   ] org.apache.solr.servlet.SolrDispatchFilter; user.dir=/home/bear/cs373-idb/solr/server
INFO  - 2015-04-21 00:58:41.793; [   ] org.apache.solr.servlet.SolrDispatchFilter; SolrDispatchFilter.init() done
INFO  - 2015-04-21 00:58:41.848; [   ] org.eclipse.jetty.server.AbstractConnector; Started SocketConnector@0.0.0.0:7574
INFO  - 2015-04-21 00:58:43.979; [   ] org.apache.solr.common.cloud.ZkStateReader$2; A cluster state change: WatchedEvent state:SyncConnected type:NodeDataChanged path:/clusterstate.json, has occurred - updating... (live nodes size: 2)
INFO  - 2015-04-21 00:58:44.727; [   ] org.apache.solr.handler.admin.CoreAdminHandler; core create command shard=shard1&numShards=2&collection.configName=gettingstarted&name=gettingstarted_shard1_replica2&action=CREATE&collection=gettingstarted&qt=/admin/cores&wt=javabin&version=2
INFO  - 2015-04-21 00:58:44.729; [   ] org.apache.solr.handler.admin.CoreAdminHandler; core create command shard=shard2&numShards=2&collection.configName=gettingstarted&name=gettingstarted_shard2_replica2&action=CREATE&collection=gettingstarted&qt=/admin/cores&wt=javabin&version=2
INFO  - 2015-04-21 00:58:44.748; [   ] org.apache.solr.core.CoreDescriptor; CORE DESCRIPTOR: {name=gettingstarted_shard2_replica2, config=solrconfig.xml, transient=false, schema=schema.xml, loadOnStartup=true, instanceDir=gettingstarted_shard2_replica2, collection=gettingstarted, absoluteInstDir=/home/bear/cs373-idb/solr/example/cloud/node2/solr/gettingstarted_shard2_replica2/, numShards=2, dataDir=data/, shard=shard2}
INFO  - 2015-04-21 00:58:44.753; [   ] org.apache.solr.core.CoreDescriptor; CORE DESCRIPTOR: {name=gettingstarted_shard1_replica2, config=solrconfig.xml, transient=false, schema=schema.xml, loadOnStartup=true, instanceDir=gettingstarted_shard1_replica2, collection=gettingstarted, absoluteInstDir=/home/bear/cs373-idb/solr/example/cloud/node2/solr/gettingstarted_shard1_replica2/, numShards=2, dataDir=data/, shard=shard1}
INFO  - 2015-04-21 00:58:44.770; [gettingstarted   gettingstarted_shard1_replica2] org.apache.solr.cloud.ZkController; publishing core=gettingstarted_shard1_replica2 state=down collection=gettingstarted
INFO  - 2015-04-21 00:58:44.774; [gettingstarted   gettingstarted_shard2_replica2] org.apache.solr.cloud.ZkController; publishing core=gettingstarted_shard2_replica2 state=down collection=gettingstarted
INFO  - 2015-04-21 00:58:44.790; [gettingstarted shard1  gettingstarted_shard1_replica2] org.apache.solr.cloud.ZkController; Registering watch for external collection gettingstarted
INFO  - 2015-04-21 00:58:44.790; [gettingstarted shard1  gettingstarted_shard1_replica2] org.apache.solr.common.cloud.ZkStateReader; addZkWatch gettingstarted
INFO  - 2015-04-21 00:58:44.791; [gettingstarted shard1  gettingstarted_shard1_replica2] org.apache.solr.common.cloud.ZkStateReader; Updating collection state at /collections/gettingstarted/state.json from ZooKeeper... 
INFO  - 2015-04-21 00:58:44.794; [gettingstarted shard1  gettingstarted_shard1_replica2] org.apache.solr.common.cloud.ZkStateReader; Updating data for gettingstarted to ver 1 
INFO  - 2015-04-21 00:58:44.794; [gettingstarted shard1  gettingstarted_shard1_replica2] org.apache.solr.cloud.ZkController; look for our core node name
INFO  - 2015-04-21 00:58:44.794; [gettingstarted shard2  gettingstarted_shard2_replica2] org.apache.solr.cloud.ZkController; Registering watch for external collection gettingstarted
INFO  - 2015-04-21 00:58:44.795; [gettingstarted shard2  gettingstarted_shard2_replica2] org.apache.solr.cloud.ZkController; look for our core node name
INFO  - 2015-04-21 00:58:44.918; [   ] org.apache.solr.common.cloud.ZkStateReader$7; A cluster state change: WatchedEvent state:SyncConnected type:NodeDataChanged path:/collections/gettingstarted/state.json for collection gettingstarted has occurred - updating... (live nodes size: 2)
INFO  - 2015-04-21 00:58:44.920; [   ] org.apache.solr.common.cloud.ZkStateReader; Updating data for gettingstarted to ver 2 
INFO  - 2015-04-21 00:58:45.795; [gettingstarted shard1  gettingstarted_shard1_replica2] org.apache.solr.cloud.ZkController; waiting to find shard id in clusterstate for gettingstarted_shard1_replica2
INFO  - 2015-04-21 00:58:45.795; [gettingstarted shard1  gettingstarted_shard1_replica2] org.apache.solr.cloud.ZkController; Check for collection zkNode:gettingstarted
INFO  - 2015-04-21 00:58:45.795; [gettingstarted shard2  gettingstarted_shard2_replica2] org.apache.solr.cloud.ZkController; waiting to find shard id in clusterstate for gettingstarted_shard2_replica2
INFO  - 2015-04-21 00:58:45.796; [gettingstarted shard2  gettingstarted_shard2_replica2] org.apache.solr.cloud.ZkController; Check for collection zkNode:gettingstarted
INFO  - 2015-04-21 00:58:45.799; [gettingstarted shard2  gettingstarted_shard2_replica2] org.apache.solr.cloud.ZkController; Collection zkNode exists
INFO  - 2015-04-21 00:58:45.800; [gettingstarted shard2  gettingstarted_shard2_replica2] org.apache.solr.common.cloud.ZkStateReader; Load collection config from:/collections/gettingstarted
INFO  - 2015-04-21 00:58:45.800; [gettingstarted shard1  gettingstarted_shard1_replica2] org.apache.solr.cloud.ZkController; Collection zkNode exists
INFO  - 2015-04-21 00:58:45.801; [gettingstarted shard1  gettingstarted_shard1_replica2] org.apache.solr.common.cloud.ZkStateReader; Load collection config from:/collections/gettingstarted
INFO  - 2015-04-21 00:58:45.802; [gettingstarted shard2  gettingstarted_shard2_replica2] org.apache.solr.common.cloud.ZkStateReader; path=/collections/gettingstarted configName=gettingstarted specified config exists in ZooKeeper
INFO  - 2015-04-21 00:58:45.803; [gettingstarted shard2  gettingstarted_shard2_replica2] org.apache.solr.core.SolrResourceLoader; new SolrResourceLoader for directory: '/home/bear/cs373-idb/solr/example/cloud/node2/solr/gettingstarted_shard2_replica2/'
INFO  - 2015-04-21 00:58:45.806; [gettingstarted shard1  gettingstarted_shard1_replica2] org.apache.solr.common.cloud.ZkStateReader; path=/collections/gettingstarted configName=gettingstarted specified config exists in ZooKeeper
INFO  - 2015-04-21 00:58:45.806; [gettingstarted shard1  gettingstarted_shard1_replica2] org.apache.solr.core.SolrResourceLoader; new SolrResourceLoader for directory: '/home/bear/cs373-idb/solr/example/cloud/node2/solr/gettingstarted_shard1_replica2/'
INFO  - 2015-04-21 00:58:45.894; [gettingstarted shard1  gettingstarted_shard1_replica2] org.apache.solr.cloud.ZkController; watch zkdir /configs/gettingstarted
INFO  - 2015-04-21 00:58:45.898; [gettingstarted shard2  gettingstarted_shard2_replica2] org.apache.solr.cloud.ZkController; watch zkdir /configs/gettingstarted
INFO  - 2015-04-21 00:58:45.916; [gettingstarted shard1  gettingstarted_shard1_replica2] org.apache.solr.core.Config; loaded config solrconfig.xml with version 0 
INFO  - 2015-04-21 00:58:45.920; [gettingstarted shard2  gettingstarted_shard2_replica2] org.apache.solr.core.Config; loaded config solrconfig.xml with version 0 
INFO  - 2015-04-21 00:58:46.495; [gettingstarted shard1  gettingstarted_shard1_replica2] org.apache.solr.core.RequestParams; conf resource params.json loaded . version : 0 
INFO  - 2015-04-21 00:58:46.496; [gettingstarted shard1  gettingstarted_shard1_replica2] org.apache.solr.core.RequestParams; request params refreshed to version 0
INFO  - 2015-04-21 00:58:46.496; [gettingstarted shard1  gettingstarted_shard1_replica2] org.apache.solr.core.SolrConfig; current version of requestparams : 0
INFO  - 2015-04-21 00:58:46.513; [gettingstarted shard2  gettingstarted_shard2_replica2] org.apache.solr.core.RequestParams; conf resource params.json loaded . version : 0 
INFO  - 2015-04-21 00:58:46.524; [gettingstarted shard2  gettingstarted_shard2_replica2] org.apache.solr.core.RequestParams; request params refreshed to version 0
INFO  - 2015-04-21 00:58:46.524; [gettingstarted shard2  gettingstarted_shard2_replica2] org.apache.solr.core.SolrConfig; current version of requestparams : 0
INFO  - 2015-04-21 00:58:46.598; [gettingstarted shard2  gettingstarted_shard2_replica2] org.apache.solr.core.SolrConfig; Adding specified lib dirs to ClassLoader
INFO  - 2015-04-21 00:58:46.604; [gettingstarted shard1  gettingstarted_shard1_replica2] org.apache.solr.core.SolrConfig; Adding specified lib dirs to ClassLoader
INFO  - 2015-04-21 00:58:46.630; [gettingstarted shard1  gettingstarted_shard1_replica2] org.apache.solr.core.SolrResourceLoader; Adding 'file:/home/bear/cs373-idb/solr/contrib/extraction/lib/java-libpst-0.8.1.jar' to classloader
INFO  - 2015-04-21 00:58:46.631; [gettingstarted shard1  gettingstarted_shard1_replica2] org.apache.solr.core.SolrResourceLoader; Adding 'file:/home/bear/cs373-idb/solr/contrib/extraction/lib/commons-compress-1.8.1.jar' to classloader
INFO  - 2015-04-21 00:58:46.631; [gettingstarted shard1  gettingstarted_shard1_replica2] org.apache.solr.core.SolrResourceLoader; Adding 'file:/home/bear/cs373-idb/solr/contrib/extraction/lib/metadata-extractor-2.6.2.jar' to classloader
INFO  - 2015-04-21 00:58:46.631; [gettingstarted shard1  gettingstarted_shard1_replica2] org.apache.solr.core.SolrResourceLoader; Adding 'file:/home/bear/cs373-idb/solr/contrib/extraction/lib/aspectjrt-1.8.0.jar' to classloader
INFO  - 2015-04-21 00:58:46.631; [gettingstarted shard1  gettingstarted_shard1_replica2] org.apache.solr.core.SolrResourceLoader; Adding 'file:/home/bear/cs373-idb/solr/contrib/extraction/lib/xmpcore-5.1.2.jar' to classloader
INFO  - 2015-04-21 00:58:46.632; [gettingstarted shard1  gettingstarted_shard1_replica2] org.apache.solr.core.SolrResourceLoader; Adding 'file:/home/bear/cs373-idb/solr/contrib/extraction/lib/boilerpipe-1.1.0.jar' to classloader
INFO  - 2015-04-21 00:58:46.632; [gettingstarted shard1  gettingstarted_shard1_replica2] org.apache.solr.core.SolrResourceLoader; Adding 'file:/home/bear/cs373-idb/solr/contrib/extraction/lib/isoparser-1.0.2.jar' to classloader
INFO  - 2015-04-21 00:58:46.632; [gettingstarted shard1  gettingstarted_shard1_replica2] org.apache.solr.core.SolrResourceLoader; Adding 'file:/home/bear/cs373-idb/solr/contrib/extraction/lib/tagsoup-1.2.1.jar' to classloader
INFO  - 2015-04-21 00:58:46.632; [gettingstarted shard1  gettingstarted_shard1_replica2] org.apache.solr.core.SolrResourceLoader; Adding 'file:/home/bear/cs373-idb/solr/contrib/extraction/lib/poi-ooxml-3.11.jar' to classloader
INFO  - 2015-04-21 00:58:46.632; [gettingstarted shard1  gettingstarted_shard1_replica2] org.apache.solr.core.SolrResourceLoader; Adding 'file:/home/bear/cs373-idb/solr/contrib/extraction/lib/apache-mime4j-core-0.7.2.jar' to classloader
INFO  - 2015-04-21 00:58:46.639; [gettingstarted shard2  gettingstarted_shard2_replica2] org.apache.solr.core.SolrResourceLoader; Adding 'file:/home/bear/cs373-idb/solr/contrib/extraction/lib/java-libpst-0.8.1.jar' to classloader
INFO  - 2015-04-21 00:58:46.649; [gettingstarted shard2  gettingstarted_shard2_replica2] org.apache.solr.core.SolrResourceLoader; Adding 'file:/home/bear/cs373-idb/solr/contrib/extraction/lib/commons-compress-1.8.1.jar' to classloader
INFO  - 2015-04-21 00:58:46.650; [gettingstarted shard2  gettingstarted_shard2_replica2] org.apache.solr.core.SolrResourceLoader; Adding 'file:/home/bear/cs373-idb/solr/contrib/extraction/lib/metadata-extractor-2.6.2.jar' to classloader
INFO  - 2015-04-21 00:58:46.650; [gettingstarted shard2  gettingstarted_shard2_replica2] org.apache.solr.core.SolrResourceLoader; Adding 'file:/home/bear/cs373-idb/solr/contrib/extraction/lib/aspectjrt-1.8.0.jar' to classloader
INFO  - 2015-04-21 00:58:46.650; [gettingstarted shard2  gettingstarted_shard2_replica2] org.apache.solr.core.SolrResourceLoader; Adding 'file:/home/bear/cs373-idb/solr/contrib/extraction/lib/xmpcore-5.1.2.jar' to classloader
INFO  - 2015-04-21 00:58:46.650; [gettingstarted shard2  gettingstarted_shard2_replica2] org.apache.solr.core.SolrResourceLoader; Adding 'file:/home/bear/cs373-idb/solr/contrib/extraction/lib/boilerpipe-1.1.0.jar' to classloader
INFO  - 2015-04-21 00:58:46.651; [gettingstarted shard2  gettingstarted_shard2_replica2] org.apache.solr.core.SolrResourceLoader; Adding 'file:/home/bear/cs373-idb/solr/contrib/extraction/lib/isoparser-1.0.2.jar' to classloader
INFO  - 2015-04-21 00:58:46.651; [gettingstarted shard2  gettingstarted_shard2_replica2] org.apache.solr.core.SolrResourceLoader; Adding 'file:/home/bear/cs373-idb/solr/contrib/extraction/lib/tagsoup-1.2.1.jar' to classloader
INFO  - 2015-04-21 00:58:46.656; [gettingstarted shard2  gettingstarted_shard2_replica2] org.apache.solr.core.SolrResourceLoader; Adding 'file:/home/bear/cs373-idb/solr/contrib/extraction/lib/poi-ooxml-3.11.jar' to classloader
INFO  - 2015-04-21 00:58:46.656; [gettingstarted shard2  gettingstarted_shard2_replica2] org.apache.solr.core.SolrResourceLoader; Adding 'file:/home/bear/cs373-idb/solr/contrib/extraction/lib/apache-mime4j-core-0.7.2.jar' to classloader
INFO  - 2015-04-21 00:58:46.656; [gettingstarted shard2  gettingstarted_shard2_replica2] org.apache.solr.core.SolrResourceLoader; Adding 'file:/home/bear/cs373-idb/solr/contrib/extraction/lib/tika-java7-1.7.jar' to classloader
INFO  - 2015-04-21 00:58:46.657; [gettingstarted shard2  gettingstarted_shard2_replica2] org.apache.solr.core.SolrResourceLoader; Adding 'file:/home/bear/cs373-idb/solr/contrib/extraction/lib/icu4j-54.1.jar' to classloader
INFO  - 2015-04-21 00:58:46.657; [gettingstarted shard2  gettingstarted_shard2_replica2] org.apache.solr.core.SolrResourceLoader; Adding 'file:/home/bear/cs373-idb/solr/contrib/extraction/lib/tika-core-1.7.jar' to classloader
INFO  - 2015-04-21 00:58:46.657; [gettingstarted shard2  gettingstarted_shard2_replica2] org.apache.solr.core.SolrResourceLoader; Adding 'file:/home/bear/cs373-idb/solr/contrib/extraction/lib/juniversalchardet-1.0.3.jar' to classloader
INFO  - 2015-04-21 00:58:46.658; [gettingstarted shard2  gettingstarted_shard2_replica2] org.apache.solr.core.SolrResourceLoader; Adding 'file:/home/bear/cs373-idb/solr/contrib/extraction/lib/tika-xmp-1.7.jar' to classloader
INFO  - 2015-04-21 00:58:46.658; [gettingstarted shard2  gettingstarted_shard2_replica2] org.apache.solr.core.SolrResourceLoader; Adding 'file:/home/bear/cs373-idb/solr/contrib/extraction/lib/vorbis-java-core-0.6.jar' to classloader
INFO  - 2015-04-21 00:58:46.658; [gettingstarted shard2  gettingstarted_shard2_replica2] org.apache.solr.core.SolrResourceLoader; Adding 'file:/home/bear/cs373-idb/solr/contrib/extraction/lib/apache-mime4j-dom-0.7.2.jar' to classloader
INFO  - 2015-04-21 00:58:46.658; [gettingstarted shard2  gettingstarted_shard2_replica2] org.apache.solr.core.SolrResourceLoader; Adding 'file:/home/bear/cs373-idb/solr/contrib/extraction/lib/xmlbeans-2.6.0.jar' to classloader
INFO  - 2015-04-21 00:58:46.659; [gettingstarted shard2  gettingstarted_shard2_replica2] org.apache.solr.core.SolrResourceLoader; Adding 'file:/home/bear/cs373-idb/solr/contrib/extraction/lib/rome-1.0.jar' to classloader
INFO  - 2015-04-21 00:58:46.659; [gettingstarted shard2  gettingstarted_shard2_replica2] org.apache.solr.core.SolrResourceLoader; Adding 'file:/home/bear/cs373-idb/solr/contrib/extraction/lib/xz-1.5.jar' to classloader
INFO  - 2015-04-21 00:58:46.659; [gettingstarted shard2  gettingstarted_shard2_replica2] org.apache.solr.core.SolrResourceLoader; Adding 'file:/home/bear/cs373-idb/solr/contrib/extraction/lib/bcprov-jdk15-1.45.jar' to classloader
INFO  - 2015-04-21 00:58:46.660; [gettingstarted shard2  gettingstarted_shard2_replica2] org.apache.solr.core.SolrResourceLoader; Adding 'file:/home/bear/cs373-idb/solr/contrib/extraction/lib/pdfbox-1.8.8.jar' to classloader
INFO  - 2015-04-21 00:58:46.660; [gettingstarted shard2  gettingstarted_shard2_replica2] org.apache.solr.core.SolrResourceLoader; Adding 'file:/home/bear/cs373-idb/solr/contrib/extraction/lib/poi-3.11.jar' to classloader
INFO  - 2015-04-21 00:58:46.660; [gettingstarted shard2  gettingstarted_shard2_replica2] org.apache.solr.core.SolrResourceLoader; Adding 'file:/home/bear/cs373-idb/solr/contrib/extraction/lib/poi-scratchpad-3.11.jar' to classloader
INFO  - 2015-04-21 00:58:46.660; [gettingstarted shard2  gettingstarted_shard2_replica2] org.apache.solr.core.SolrResourceLoader; Adding 'file:/home/bear/cs373-idb/solr/contrib/extraction/lib/jmatio-1.0.jar' to classloader
INFO  - 2015-04-21 00:58:46.661; [gettingstarted shard1  gettingstarted_shard1_replica2] org.apache.solr.core.SolrResourceLoader; Adding 'file:/home/bear/cs373-idb/solr/contrib/extraction/lib/tika-java7-1.7.jar' to classloader
INFO  - 2015-04-21 00:58:46.703; [gettingstarted shard1  gettingstarted_shard1_replica2] org.apache.solr.core.SolrResourceLoader; Adding 'file:/home/bear/cs373-idb/solr/contrib/extraction/lib/icu4j-54.1.jar' to classloader
INFO  - 2015-04-21 00:58:46.703; [gettingstarted shard1  gettingstarted_shard1_replica2] org.apache.solr.core.SolrResourceLoader; Adding 'file:/home/bear/cs373-idb/solr/contrib/extraction/lib/tika-core-1.7.jar' to classloader
INFO  - 2015-04-21 00:58:46.704; [gettingstarted shard1  gettingstarted_shard1_replica2] org.apache.solr.core.SolrResourceLoader; Adding 'file:/home/bear/cs373-idb/solr/contrib/extraction/lib/juniversalchardet-1.0.3.jar' to classloader
INFO  - 2015-04-21 00:58:46.704; [gettingstarted shard1  gettingstarted_shard1_replica2] org.apache.solr.core.SolrResourceLoader; Adding 'file:/home/bear/cs373-idb/solr/contrib/extraction/lib/tika-xmp-1.7.jar' to classloader
INFO  - 2015-04-21 00:58:46.704; [gettingstarted shard1  gettingstarted_shard1_replica2] org.apache.solr.core.SolrResourceLoader; Adding 'file:/home/bear/cs373-idb/solr/contrib/extraction/lib/vorbis-java-core-0.6.jar' to classloader
INFO  - 2015-04-21 00:58:46.704; [gettingstarted shard1  gettingstarted_shard1_replica2] org.apache.solr.core.SolrResourceLoader; Adding 'file:/home/bear/cs373-idb/solr/contrib/extraction/lib/apache-mime4j-dom-0.7.2.jar' to classloader
INFO  - 2015-04-21 00:58:46.705; [gettingstarted shard1  gettingstarted_shard1_replica2] org.apache.solr.core.SolrResourceLoader; Adding 'file:/home/bear/cs373-idb/solr/contrib/extraction/lib/xmlbeans-2.6.0.jar' to classloader
INFO  - 2015-04-21 00:58:46.705; [gettingstarted shard1  gettingstarted_shard1_replica2] org.apache.solr.core.SolrResourceLoader; Adding 'file:/home/bear/cs373-idb/solr/contrib/extraction/lib/rome-1.0.jar' to classloader
INFO  - 2015-04-21 00:58:46.705; [gettingstarted shard1  gettingstarted_shard1_replica2] org.apache.solr.core.SolrResourceLoader; Adding 'file:/home/bear/cs373-idb/solr/contrib/extraction/lib/xz-1.5.jar' to classloader
INFO  - 2015-04-21 00:58:46.705; [gettingstarted shard1  gettingstarted_shard1_replica2] org.apache.solr.core.SolrResourceLoader; Adding 'file:/home/bear/cs373-idb/solr/contrib/extraction/lib/bcprov-jdk15-1.45.jar' to classloader
INFO  - 2015-04-21 00:58:46.706; [gettingstarted shard1  gettingstarted_shard1_replica2] org.apache.solr.core.SolrResourceLoader; Adding 'file:/home/bear/cs373-idb/solr/contrib/extraction/lib/pdfbox-1.8.8.jar' to classloader
INFO  - 2015-04-21 00:58:46.706; [gettingstarted shard1  gettingstarted_shard1_replica2] org.apache.solr.core.SolrResourceLoader; Adding 'file:/home/bear/cs373-idb/solr/contrib/extraction/lib/poi-3.11.jar' to classloader
INFO  - 2015-04-21 00:58:46.706; [gettingstarted shard1  gettingstarted_shard1_replica2] org.apache.solr.core.SolrResourceLoader; Adding 'file:/home/bear/cs373-idb/solr/contrib/extraction/lib/poi-scratchpad-3.11.jar' to classloader
INFO  - 2015-04-21 00:58:46.706; [gettingstarted shard1  gettingstarted_shard1_replica2] org.apache.solr.core.SolrResourceLoader; Adding 'file:/home/bear/cs373-idb/solr/contrib/extraction/lib/jmatio-1.0.jar' to classloader
INFO  - 2015-04-21 00:58:46.706; [gettingstarted shard1  gettingstarted_shard1_replica2] org.apache.solr.core.SolrResourceLoader; Adding 'file:/home/bear/cs373-idb/solr/contrib/extraction/lib/vorbis-java-tika-0.6.jar' to classloader
INFO  - 2015-04-21 00:58:46.707; [gettingstarted shard1  gettingstarted_shard1_replica2] org.apache.solr.core.SolrResourceLoader; Adding 'file:/home/bear/cs373-idb/solr/contrib/extraction/lib/bcmail-jdk15-1.45.jar' to classloader
INFO  - 2015-04-21 00:58:46.707; [gettingstarted shard1  gettingstarted_shard1_replica2] org.apache.solr.core.SolrResourceLoader; Adding 'file:/home/bear/cs373-idb/solr/contrib/extraction/lib/xercesImpl-2.9.1.jar' to classloader
INFO  - 2015-04-21 00:58:46.707; [gettingstarted shard1  gettingstarted_shard1_replica2] org.apache.solr.core.SolrResourceLoader; Adding 'file:/home/bear/cs373-idb/solr/contrib/extraction/lib/fontbox-1.8.8.jar' to classloader
INFO  - 2015-04-21 00:58:46.707; [gettingstarted shard1  gettingstarted_shard1_replica2] org.apache.solr.core.SolrResourceLoader; Adding 'file:/home/bear/cs373-idb/solr/contrib/extraction/lib/jdom-1.0.jar' to classloader
INFO  - 2015-04-21 00:58:46.708; [gettingstarted shard1  gettingstarted_shard1_replica2] org.apache.solr.core.SolrResourceLoader; Adding 'file:/home/bear/cs373-idb/solr/contrib/extraction/lib/poi-ooxml-schemas-3.11.jar' to classloader
INFO  - 2015-04-21 00:58:46.708; [gettingstarted shard1  gettingstarted_shard1_replica2] org.apache.solr.core.SolrResourceLoader; Adding 'file:/home/bear/cs373-idb/solr/contrib/extraction/lib/jempbox-1.8.8.jar' to classloader
INFO  - 2015-04-21 00:58:46.708; [gettingstarted shard1  gettingstarted_shard1_replica2] org.apache.solr.core.SolrResourceLoader; Adding 'file:/home/bear/cs373-idb/solr/contrib/extraction/lib/tika-parsers-1.7.jar' to classloader
INFO  - 2015-04-21 00:58:46.709; [gettingstarted shard2  gettingstarted_shard2_replica2] org.apache.solr.core.SolrResourceLoader; Adding 'file:/home/bear/cs373-idb/solr/contrib/extraction/lib/vorbis-java-tika-0.6.jar' to classloader
INFO  - 2015-04-21 00:58:46.709; [gettingstarted shard2  gettingstarted_shard2_replica2] org.apache.solr.core.SolrResourceLoader; Adding 'file:/home/bear/cs373-idb/solr/contrib/extraction/lib/bcmail-jdk15-1.45.jar' to classloader
INFO  - 2015-04-21 00:58:46.709; [gettingstarted shard2  gettingstarted_shard2_replica2] org.apache.solr.core.SolrResourceLoader; Adding 'file:/home/bear/cs373-idb/solr/contrib/extraction/lib/xercesImpl-2.9.1.jar' to classloader
INFO  - 2015-04-21 00:58:46.709; [gettingstarted shard2  gettingstarted_shard2_replica2] org.apache.solr.core.SolrResourceLoader; Adding 'file:/home/bear/cs373-idb/solr/contrib/extraction/lib/fontbox-1.8.8.jar' to classloader
INFO  - 2015-04-21 00:58:46.710; [gettingstarted shard2  gettingstarted_shard2_replica2] org.apache.solr.core.SolrResourceLoader; Adding 'file:/home/bear/cs373-idb/solr/contrib/extraction/lib/jdom-1.0.jar' to classloader
INFO  - 2015-04-21 00:58:46.710; [gettingstarted shard2  gettingstarted_shard2_replica2] org.apache.solr.core.SolrResourceLoader; Adding 'file:/home/bear/cs373-idb/solr/contrib/extraction/lib/poi-ooxml-schemas-3.11.jar' to classloader
INFO  - 2015-04-21 00:58:46.710; [gettingstarted shard2  gettingstarted_shard2_replica2] org.apache.solr.core.SolrResourceLoader; Adding 'file:/home/bear/cs373-idb/solr/contrib/extraction/lib/jempbox-1.8.8.jar' to classloader
INFO  - 2015-04-21 00:58:46.710; [gettingstarted shard2  gettingstarted_shard2_replica2] org.apache.solr.core.SolrResourceLoader; Adding 'file:/home/bear/cs373-idb/solr/contrib/extraction/lib/tika-parsers-1.7.jar' to classloader
INFO  - 2015-04-21 00:58:46.733; [gettingstarted shard2  gettingstarted_shard2_replica2] org.apache.solr.core.SolrResourceLoader; Adding 'file:/home/bear/cs373-idb/solr/dist/solr-cell-5.1.0.jar' to classloader
INFO  - 2015-04-21 00:58:46.734; [gettingstarted shard2  gettingstarted_shard2_replica2] org.apache.solr.core.SolrResourceLoader; Adding 'file:/home/bear/cs373-idb/solr/contrib/clustering/lib/mahout-collections-1.0.jar' to classloader
INFO  - 2015-04-21 00:58:46.734; [gettingstarted shard2  gettingstarted_shard2_replica2] org.apache.solr.core.SolrResourceLoader; Adding 'file:/home/bear/cs373-idb/solr/contrib/clustering/lib/attributes-binder-1.2.1.jar' to classloader
INFO  - 2015-04-21 00:58:46.735; [gettingstarted shard2  gettingstarted_shard2_replica2] org.apache.solr.core.SolrResourceLoader; Adding 'file:/home/bear/cs373-idb/solr/contrib/clustering/lib/jackson-core-asl-1.9.13.jar' to classloader
INFO  - 2015-04-21 00:58:46.735; [gettingstarted shard2  gettingstarted_shard2_replica2] org.apache.solr.core.SolrResourceLoader; Adding 'file:/home/bear/cs373-idb/solr/contrib/clustering/lib/simple-xml-2.7.jar' to classloader
INFO  - 2015-04-21 00:58:46.735; [gettingstarted shard2  gettingstarted_shard2_replica2] org.apache.solr.core.SolrResourceLoader; Adding 'file:/home/bear/cs373-idb/solr/contrib/clustering/lib/mahout-math-0.6.jar' to classloader
INFO  - 2015-04-21 00:58:46.735; [gettingstarted shard2  gettingstarted_shard2_replica2] org.apache.solr.core.SolrResourceLoader; Adding 'file:/home/bear/cs373-idb/solr/contrib/clustering/lib/jackson-mapper-asl-1.9.13.jar' to classloader
INFO  - 2015-04-21 00:58:46.735; [gettingstarted shard2  gettingstarted_shard2_replica2] org.apache.solr.core.SolrResourceLoader; Adding 'file:/home/bear/cs373-idb/solr/contrib/clustering/lib/hppc-0.5.2.jar' to classloader
INFO  - 2015-04-21 00:58:46.736; [gettingstarted shard2  gettingstarted_shard2_replica2] org.apache.solr.core.SolrResourceLoader; Adding 'file:/home/bear/cs373-idb/solr/contrib/clustering/lib/carrot2-mini-3.9.0.jar' to classloader
INFO  - 2015-04-21 00:58:46.737; [gettingstarted shard2  gettingstarted_shard2_replica2] org.apache.solr.core.SolrResourceLoader; Adding 'file:/home/bear/cs373-idb/solr/dist/solr-clustering-5.1.0.jar' to classloader
INFO  - 2015-04-21 00:58:46.746; [gettingstarted shard1  gettingstarted_shard1_replica2] org.apache.solr.core.SolrResourceLoader; Adding 'file:/home/bear/cs373-idb/solr/dist/solr-cell-5.1.0.jar' to classloader
INFO  - 2015-04-21 00:58:46.762; [gettingstarted shard1  gettingstarted_shard1_replica2] org.apache.solr.core.SolrResourceLoader; Adding 'file:/home/bear/cs373-idb/solr/contrib/clustering/lib/mahout-collections-1.0.jar' to classloader
INFO  - 2015-04-21 00:58:46.762; [gettingstarted shard1  gettingstarted_shard1_replica2] org.apache.solr.core.SolrResourceLoader; Adding 'file:/home/bear/cs373-idb/solr/contrib/clustering/lib/attributes-binder-1.2.1.jar' to classloader
INFO  - 2015-04-21 00:58:46.762; [gettingstarted shard1  gettingstarted_shard1_replica2] org.apache.solr.core.SolrResourceLoader; Adding 'file:/home/bear/cs373-idb/solr/contrib/clustering/lib/jackson-core-asl-1.9.13.jar' to classloader
INFO  - 2015-04-21 00:58:46.763; [gettingstarted shard1  gettingstarted_shard1_replica2] org.apache.solr.core.SolrResourceLoader; Adding 'file:/home/bear/cs373-idb/solr/contrib/clustering/lib/simple-xml-2.7.jar' to classloader
INFO  - 2015-04-21 00:58:46.763; [gettingstarted shard1  gettingstarted_shard1_replica2] org.apache.solr.core.SolrResourceLoader; Adding 'file:/home/bear/cs373-idb/solr/contrib/clustering/lib/mahout-math-0.6.jar' to classloader
INFO  - 2015-04-21 00:58:46.763; [gettingstarted shard1  gettingstarted_shard1_replica2] org.apache.solr.core.SolrResourceLoader; Adding 'file:/home/bear/cs373-idb/solr/contrib/clustering/lib/jackson-mapper-asl-1.9.13.jar' to classloader
INFO  - 2015-04-21 00:58:46.763; [gettingstarted shard1  gettingstarted_shard1_replica2] org.apache.solr.core.SolrResourceLoader; Adding 'file:/home/bear/cs373-idb/solr/contrib/clustering/lib/hppc-0.5.2.jar' to classloader
INFO  - 2015-04-21 00:58:46.764; [gettingstarted shard1  gettingstarted_shard1_replica2] org.apache.solr.core.SolrResourceLoader; Adding 'file:/home/bear/cs373-idb/solr/contrib/clustering/lib/carrot2-mini-3.9.0.jar' to classloader
INFO  - 2015-04-21 00:58:46.764; [gettingstarted shard1  gettingstarted_shard1_replica2] org.apache.solr.core.SolrResourceLoader; Adding 'file:/home/bear/cs373-idb/solr/dist/solr-clustering-5.1.0.jar' to classloader
INFO  - 2015-04-21 00:58:46.765; [gettingstarted shard2  gettingstarted_shard2_replica2] org.apache.solr.core.SolrResourceLoader; Adding 'file:/home/bear/cs373-idb/solr/contrib/langid/lib/jsonic-1.2.7.jar' to classloader
INFO  - 2015-04-21 00:58:46.777; [gettingstarted shard2  gettingstarted_shard2_replica2] org.apache.solr.core.SolrResourceLoader; Adding 'file:/home/bear/cs373-idb/solr/contrib/langid/lib/langdetect-1.1-20120112.jar' to classloader
INFO  - 2015-04-21 00:58:46.778; [gettingstarted shard2  gettingstarted_shard2_replica2] org.apache.solr.core.SolrResourceLoader; Adding 'file:/home/bear/cs373-idb/solr/dist/solr-langid-5.1.0.jar' to classloader
INFO  - 2015-04-21 00:58:46.779; [gettingstarted shard2  gettingstarted_shard2_replica2] org.apache.solr.core.SolrResourceLoader; Adding 'file:/home/bear/cs373-idb/solr/contrib/velocity/lib/commons-collections-3.2.1.jar' to classloader
INFO  - 2015-04-21 00:58:46.779; [gettingstarted shard2  gettingstarted_shard2_replica2] org.apache.solr.core.SolrResourceLoader; Adding 'file:/home/bear/cs373-idb/solr/contrib/velocity/lib/commons-beanutils-1.8.3.jar' to classloader
INFO  - 2015-04-21 00:58:46.780; [gettingstarted shard2  gettingstarted_shard2_replica2] org.apache.solr.core.SolrResourceLoader; Adding 'file:/home/bear/cs373-idb/solr/contrib/velocity/lib/velocity-tools-2.0.jar' to classloader
INFO  - 2015-04-21 00:58:46.780; [gettingstarted shard2  gettingstarted_shard2_replica2] org.apache.solr.core.SolrResourceLoader; Adding 'file:/home/bear/cs373-idb/solr/contrib/velocity/lib/velocity-1.7.jar' to classloader
INFO  - 2015-04-21 00:58:46.781; [gettingstarted shard1  gettingstarted_shard1_replica2] org.apache.solr.core.SolrResourceLoader; Adding 'file:/home/bear/cs373-idb/solr/contrib/langid/lib/jsonic-1.2.7.jar' to classloader
INFO  - 2015-04-21 00:58:46.781; [gettingstarted shard1  gettingstarted_shard1_replica2] org.apache.solr.core.SolrResourceLoader; Adding 'file:/home/bear/cs373-idb/solr/contrib/langid/lib/langdetect-1.1-20120112.jar' to classloader
INFO  - 2015-04-21 00:58:46.782; [gettingstarted shard1  gettingstarted_shard1_replica2] org.apache.solr.core.SolrResourceLoader; Adding 'file:/home/bear/cs373-idb/solr/dist/solr-langid-5.1.0.jar' to classloader
INFO  - 2015-04-21 00:58:46.783; [gettingstarted shard1  gettingstarted_shard1_replica2] org.apache.solr.core.SolrResourceLoader; Adding 'file:/home/bear/cs373-idb/solr/contrib/velocity/lib/commons-collections-3.2.1.jar' to classloader
INFO  - 2015-04-21 00:58:46.783; [gettingstarted shard1  gettingstarted_shard1_replica2] org.apache.solr.core.SolrResourceLoader; Adding 'file:/home/bear/cs373-idb/solr/contrib/velocity/lib/commons-beanutils-1.8.3.jar' to classloader
INFO  - 2015-04-21 00:58:46.783; [gettingstarted shard1  gettingstarted_shard1_replica2] org.apache.solr.core.SolrResourceLoader; Adding 'file:/home/bear/cs373-idb/solr/contrib/velocity/lib/velocity-tools-2.0.jar' to classloader
INFO  - 2015-04-21 00:58:46.783; [gettingstarted shard1  gettingstarted_shard1_replica2] org.apache.solr.core.SolrResourceLoader; Adding 'file:/home/bear/cs373-idb/solr/contrib/velocity/lib/velocity-1.7.jar' to classloader
INFO  - 2015-04-21 00:58:46.784; [gettingstarted shard1  gettingstarted_shard1_replica2] org.apache.solr.core.SolrResourceLoader; Adding 'file:/home/bear/cs373-idb/solr/dist/solr-velocity-5.1.0.jar' to classloader
INFO  - 2015-04-21 00:58:46.809; [gettingstarted shard2  gettingstarted_shard2_replica2] org.apache.solr.core.SolrResourceLoader; Adding 'file:/home/bear/cs373-idb/solr/dist/solr-velocity-5.1.0.jar' to classloader
INFO  - 2015-04-21 00:58:48.252; [gettingstarted shard2  gettingstarted_shard2_replica2] org.apache.solr.core.SolrConfig; Using Lucene MatchVersion: 5.0.0
INFO  - 2015-04-21 00:58:48.254; [gettingstarted shard1  gettingstarted_shard1_replica2] org.apache.solr.core.SolrConfig; Using Lucene MatchVersion: 5.0.0
INFO  - 2015-04-21 00:58:49.318; [gettingstarted shard2  gettingstarted_shard2_replica2] org.apache.solr.core.SolrConfig; Loaded SolrConfig: solrconfig.xml
INFO  - 2015-04-21 00:58:49.362; [gettingstarted shard1  gettingstarted_shard1_replica2] org.apache.solr.core.SolrConfig; Loaded SolrConfig: solrconfig.xml
INFO  - 2015-04-21 00:58:49.412; [gettingstarted shard1  gettingstarted_shard1_replica2] org.apache.solr.schema.IndexSchema; Reading Solr Schema from /configs/gettingstarted/managed-schema
INFO  - 2015-04-21 00:58:49.413; [gettingstarted shard2  gettingstarted_shard2_replica2] org.apache.solr.schema.IndexSchema; Reading Solr Schema from /configs/gettingstarted/managed-schema
INFO  - 2015-04-21 00:58:50.267; [gettingstarted shard1  gettingstarted_shard1_replica2] org.apache.solr.schema.IndexSchema; [gettingstarted_shard1_replica2] Schema name=example-data-driven-schema
INFO  - 2015-04-21 00:58:50.272; [gettingstarted shard2  gettingstarted_shard2_replica2] org.apache.solr.schema.IndexSchema; [gettingstarted_shard2_replica2] Schema name=example-data-driven-schema
INFO  - 2015-04-21 00:58:55.772; [gettingstarted shard1  gettingstarted_shard1_replica2] org.apache.solr.schema.IndexSchema; unique key field: id
INFO  - 2015-04-21 00:58:55.807; [gettingstarted shard2  gettingstarted_shard2_replica2] org.apache.solr.schema.IndexSchema; unique key field: id
INFO  - 2015-04-21 00:58:57.952; [gettingstarted shard1  gettingstarted_shard1_replica2] org.apache.solr.schema.FileExchangeRateProvider; Reloading exchange rates from file currency.xml
INFO  - 2015-04-21 00:58:57.957; [gettingstarted shard2  gettingstarted_shard2_replica2] org.apache.solr.schema.FileExchangeRateProvider; Reloading exchange rates from file currency.xml
INFO  - 2015-04-21 00:58:58.004; [gettingstarted shard2  gettingstarted_shard2_replica2] org.apache.solr.schema.FileExchangeRateProvider; Reloading exchange rates from file currency.xml
INFO  - 2015-04-21 00:58:58.010; [gettingstarted shard1  gettingstarted_shard1_replica2] org.apache.solr.schema.FileExchangeRateProvider; Reloading exchange rates from file currency.xml
INFO  - 2015-04-21 00:58:58.755; [gettingstarted shard2  gettingstarted_shard2_replica2] org.apache.solr.core.CoreContainer; Creating SolrCore 'gettingstarted_shard2_replica2' using configuration from collection gettingstarted
INFO  - 2015-04-21 00:58:58.756; [gettingstarted shard1  gettingstarted_shard1_replica2] org.apache.solr.core.CoreContainer; Creating SolrCore 'gettingstarted_shard1_replica2' using configuration from collection gettingstarted
INFO  - 2015-04-21 00:58:58.769; [gettingstarted shard1  gettingstarted_shard1_replica2] org.apache.solr.core.SolrCore; solr.NRTCachingDirectoryFactory
INFO  - 2015-04-21 00:58:58.770; [gettingstarted shard2  gettingstarted_shard2_replica2] org.apache.solr.core.SolrCore; solr.NRTCachingDirectoryFactory
INFO  - 2015-04-21 00:58:58.844; [gettingstarted shard2  gettingstarted_shard2_replica2] org.apache.solr.core.SolrCore; [gettingstarted_shard2_replica2] Opening new SolrCore at /home/bear/cs373-idb/solr/example/cloud/node2/solr/gettingstarted_shard2_replica2/, dataDir=/home/bear/cs373-idb/solr/example/cloud/node2/solr/gettingstarted_shard2_replica2/data/
INFO  - 2015-04-21 00:58:58.845; [gettingstarted shard1  gettingstarted_shard1_replica2] org.apache.solr.core.SolrCore; [gettingstarted_shard1_replica2] Opening new SolrCore at /home/bear/cs373-idb/solr/example/cloud/node2/solr/gettingstarted_shard1_replica2/, dataDir=/home/bear/cs373-idb/solr/example/cloud/node2/solr/gettingstarted_shard1_replica2/data/
INFO  - 2015-04-21 00:58:58.868; [gettingstarted shard1  gettingstarted_shard1_replica2] org.apache.solr.core.JmxMonitoredMap; No JMX servers found, not exposing Solr information with JMX.
INFO  - 2015-04-21 00:58:58.885; [gettingstarted shard2  gettingstarted_shard2_replica2] org.apache.solr.core.JmxMonitoredMap; No JMX servers found, not exposing Solr information with JMX.
INFO  - 2015-04-21 00:58:58.931; [gettingstarted shard2  gettingstarted_shard2_replica2] org.apache.solr.core.SolrCore; [gettingstarted_shard2_replica2] Added SolrEventListener for newSearcher: org.apache.solr.core.QuerySenderListener{queries=[]}
INFO  - 2015-04-21 00:58:58.931; [gettingstarted shard2  gettingstarted_shard2_replica2] org.apache.solr.core.SolrCore; [gettingstarted_shard2_replica2] Added SolrEventListener for firstSearcher: org.apache.solr.core.QuerySenderListener{queries=[]}
INFO  - 2015-04-21 00:58:58.937; [gettingstarted shard1  gettingstarted_shard1_replica2] org.apache.solr.core.SolrCore; [gettingstarted_shard1_replica2] Added SolrEventListener for newSearcher: org.apache.solr.core.QuerySenderListener{queries=[]}
INFO  - 2015-04-21 00:58:58.937; [gettingstarted shard1  gettingstarted_shard1_replica2] org.apache.solr.core.SolrCore; [gettingstarted_shard1_replica2] Added SolrEventListener for firstSearcher: org.apache.solr.core.QuerySenderListener{queries=[]}
INFO  - 2015-04-21 00:58:59.059; [gettingstarted shard1  gettingstarted_shard1_replica2] org.apache.solr.core.CachingDirectoryFactory; return new directory for /home/bear/cs373-idb/solr/example/cloud/node2/solr/gettingstarted_shard1_replica2/data
INFO  - 2015-04-21 00:58:59.060; [gettingstarted shard1  gettingstarted_shard1_replica2] org.apache.solr.core.SolrCore; New index directory detected: old=null new=/home/bear/cs373-idb/solr/example/cloud/node2/solr/gettingstarted_shard1_replica2/data/index/
WARN  - 2015-04-21 00:58:59.060; [gettingstarted shard1  gettingstarted_shard1_replica2] org.apache.solr.core.SolrCore; [gettingstarted_shard1_replica2] Solr index directory '/home/bear/cs373-idb/solr/example/cloud/node2/solr/gettingstarted_shard1_replica2/data/index' doesn't exist. Creating new index...
INFO  - 2015-04-21 00:58:59.061; [gettingstarted shard2  gettingstarted_shard2_replica2] org.apache.solr.core.CachingDirectoryFactory; return new directory for /home/bear/cs373-idb/solr/example/cloud/node2/solr/gettingstarted_shard2_replica2/data
INFO  - 2015-04-21 00:58:59.097; [gettingstarted shard2  gettingstarted_shard2_replica2] org.apache.solr.core.SolrCore; New index directory detected: old=null new=/home/bear/cs373-idb/solr/example/cloud/node2/solr/gettingstarted_shard2_replica2/data/index/
WARN  - 2015-04-21 00:58:59.098; [gettingstarted shard2  gettingstarted_shard2_replica2] org.apache.solr.core.SolrCore; [gettingstarted_shard2_replica2] Solr index directory '/home/bear/cs373-idb/solr/example/cloud/node2/solr/gettingstarted_shard2_replica2/data/index' doesn't exist. Creating new index...
INFO  - 2015-04-21 00:58:59.171; [gettingstarted shard1  gettingstarted_shard1_replica2] org.apache.solr.core.CachingDirectoryFactory; return new directory for /home/bear/cs373-idb/solr/example/cloud/node2/solr/gettingstarted_shard1_replica2/data/index
INFO  - 2015-04-21 00:58:59.177; [gettingstarted shard2  gettingstarted_shard2_replica2] org.apache.solr.core.CachingDirectoryFactory; return new directory for /home/bear/cs373-idb/solr/example/cloud/node2/solr/gettingstarted_shard2_replica2/data/index
INFO  - 2015-04-21 00:58:59.389; [gettingstarted shard2  gettingstarted_shard2_replica2] org.apache.solr.core.SolrDeletionPolicy; SolrDeletionPolicy.onCommit: commits: num=1
	commit{dir=NRTCachingDirectory(MMapDirectory@/home/bear/cs373-idb/solr/example/cloud/node2/solr/gettingstarted_shard2_replica2/data/index lockFactory=org.apache.lucene.store.NativeFSLockFactory@40868ba; maxCacheMB=48.0 maxMergeSizeMB=4.0),segFN=segments_1,generation=1}
INFO  - 2015-04-21 00:58:59.390; [gettingstarted shard2  gettingstarted_shard2_replica2] org.apache.solr.core.SolrDeletionPolicy; newest commit generation = 1
INFO  - 2015-04-21 00:58:59.401; [gettingstarted shard1  gettingstarted_shard1_replica2] org.apache.solr.core.SolrDeletionPolicy; SolrDeletionPolicy.onCommit: commits: num=1
	commit{dir=NRTCachingDirectory(MMapDirectory@/home/bear/cs373-idb/solr/example/cloud/node2/solr/gettingstarted_shard1_replica2/data/index lockFactory=org.apache.lucene.store.NativeFSLockFactory@40868ba; maxCacheMB=48.0 maxMergeSizeMB=4.0),segFN=segments_1,generation=1}
INFO  - 2015-04-21 00:58:59.409; [gettingstarted shard1  gettingstarted_shard1_replica2] org.apache.solr.core.SolrDeletionPolicy; newest commit generation = 1
INFO  - 2015-04-21 00:58:59.448; [gettingstarted shard1  gettingstarted_shard1_replica2] org.apache.solr.core.PluginBag; queryResponseWriter : 'velocity' created with startup=lazy 
INFO  - 2015-04-21 00:58:59.454; [gettingstarted shard2  gettingstarted_shard2_replica2] org.apache.solr.core.PluginBag; queryResponseWriter : 'velocity' created with startup=lazy 
INFO  - 2015-04-21 00:58:59.473; [gettingstarted shard2  gettingstarted_shard2_replica2] org.apache.solr.response.XSLTResponseWriter; xsltCacheLifetimeSeconds=5
INFO  - 2015-04-21 00:58:59.502; [gettingstarted shard1  gettingstarted_shard1_replica2] org.apache.solr.response.XSLTResponseWriter; xsltCacheLifetimeSeconds=5
INFO  - 2015-04-21 00:59:00.267; [gettingstarted shard1  gettingstarted_shard1_replica2] org.apache.solr.update.processor.UpdateRequestProcessorChain; creating updateRequestProcessorChain "add-unknown-fields-to-the-schema"
INFO  - 2015-04-21 00:59:00.269; [gettingstarted shard2  gettingstarted_shard2_replica2] org.apache.solr.update.processor.UpdateRequestProcessorChain; creating updateRequestProcessorChain "add-unknown-fields-to-the-schema"
INFO  - 2015-04-21 00:59:00.847; [gettingstarted shard1  gettingstarted_shard1_replica2] org.apache.solr.core.SolrCore; no updateRequestProcessorChain defined as default, creating implicit default
INFO  - 2015-04-21 00:59:00.884; [gettingstarted shard2  gettingstarted_shard2_replica2] org.apache.solr.core.SolrCore; no updateRequestProcessorChain defined as default, creating implicit default
INFO  - 2015-04-21 00:59:01.031; [gettingstarted shard1  gettingstarted_shard1_replica2] org.apache.solr.handler.loader.XMLLoader; xsltCacheLifetimeSeconds=60
INFO  - 2015-04-21 00:59:01.051; [gettingstarted shard2  gettingstarted_shard2_replica2] org.apache.solr.handler.loader.XMLLoader; xsltCacheLifetimeSeconds=60
INFO  - 2015-04-21 00:59:01.055; [gettingstarted shard2  gettingstarted_shard2_replica2] org.apache.solr.handler.loader.XMLLoader; xsltCacheLifetimeSeconds=60
INFO  - 2015-04-21 00:59:01.056; [gettingstarted shard2  gettingstarted_shard2_replica2] org.apache.solr.handler.loader.XMLLoader; xsltCacheLifetimeSeconds=60
INFO  - 2015-04-21 00:59:01.056; [gettingstarted shard2  gettingstarted_shard2_replica2] org.apache.solr.handler.loader.XMLLoader; xsltCacheLifetimeSeconds=60
INFO  - 2015-04-21 00:59:01.057; [gettingstarted shard1  gettingstarted_shard1_replica2] org.apache.solr.handler.loader.XMLLoader; xsltCacheLifetimeSeconds=60
INFO  - 2015-04-21 00:59:01.058; [gettingstarted shard1  gettingstarted_shard1_replica2] org.apache.solr.handler.loader.XMLLoader; xsltCacheLifetimeSeconds=60
INFO  - 2015-04-21 00:59:01.059; [gettingstarted shard1  gettingstarted_shard1_replica2] org.apache.solr.handler.loader.XMLLoader; xsltCacheLifetimeSeconds=60
INFO  - 2015-04-21 00:59:01.177; [gettingstarted shard2  gettingstarted_shard2_replica2] org.apache.solr.core.PluginBag; requestHandler : '/update/extract' created with startup=lazy 
INFO  - 2015-04-21 00:59:01.180; [gettingstarted shard2  gettingstarted_shard2_replica2] org.apache.solr.core.PluginBag; requestHandler : '/analysis/field' created with startup=lazy 
INFO  - 2015-04-21 00:59:01.180; [gettingstarted shard2  gettingstarted_shard2_replica2] org.apache.solr.core.PluginBag; requestHandler : '/analysis/document' created with startup=lazy 
INFO  - 2015-04-21 00:59:01.183; [gettingstarted shard1  gettingstarted_shard1_replica2] org.apache.solr.core.PluginBag; requestHandler : '/update/extract' created with startup=lazy 
INFO  - 2015-04-21 00:59:01.212; [gettingstarted shard1  gettingstarted_shard1_replica2] org.apache.solr.core.PluginBag; requestHandler : '/analysis/field' created with startup=lazy 
INFO  - 2015-04-21 00:59:01.212; [gettingstarted shard1  gettingstarted_shard1_replica2] org.apache.solr.core.PluginBag; requestHandler : '/analysis/document' created with startup=lazy 
INFO  - 2015-04-21 00:59:01.216; [gettingstarted shard1  gettingstarted_shard1_replica2] org.apache.solr.core.PluginBag; requestHandler : '/spell' created with startup=lazy 
INFO  - 2015-04-21 00:59:01.216; [gettingstarted shard1  gettingstarted_shard1_replica2] org.apache.solr.core.PluginBag; requestHandler : '/tvrh' created with startup=lazy 
INFO  - 2015-04-21 00:59:01.216; [gettingstarted shard1  gettingstarted_shard1_replica2] org.apache.solr.core.PluginBag; requestHandler : '/terms' created with startup=lazy 
INFO  - 2015-04-21 00:59:01.216; [gettingstarted shard1  gettingstarted_shard1_replica2] org.apache.solr.core.PluginBag; requestHandler : '/elevate' created with startup=lazy 
INFO  - 2015-04-21 00:59:01.217; [gettingstarted shard1  gettingstarted_shard1_replica2] org.apache.solr.core.RequestHandlers; Registered paths: /admin/logging,/admin/plugins,/admin/system,/admin/segments,/admin/file,/admin/luke,/update,/terms,/stream,/admin/threads,/schema,/query,/replication,/analysis/field,/browse,/admin/ping,/update/json/docs,/analysis/document,/select,/admin/mbeans,/update/csv,/elevate,/get,/update/json,/export,/update/extract,/admin/properties,/tvrh,/spell,/config,/debug/dump
INFO  - 2015-04-21 00:59:01.217; [gettingstarted shard2  gettingstarted_shard2_replica2] org.apache.solr.core.PluginBag; requestHandler : '/spell' created with startup=lazy 
INFO  - 2015-04-21 00:59:01.241; [gettingstarted shard2  gettingstarted_shard2_replica2] org.apache.solr.core.PluginBag; requestHandler : '/tvrh' created with startup=lazy 
INFO  - 2015-04-21 00:59:01.241; [gettingstarted shard2  gettingstarted_shard2_replica2] org.apache.solr.core.PluginBag; requestHandler : '/terms' created with startup=lazy 
INFO  - 2015-04-21 00:59:01.241; [gettingstarted shard2  gettingstarted_shard2_replica2] org.apache.solr.core.PluginBag; requestHandler : '/elevate' created with startup=lazy 
INFO  - 2015-04-21 00:59:01.242; [gettingstarted shard2  gettingstarted_shard2_replica2] org.apache.solr.core.RequestHandlers; Registered paths: /admin/logging,/admin/plugins,/admin/system,/admin/segments,/admin/file,/admin/luke,/update,/terms,/stream,/admin/threads,/schema,/query,/replication,/analysis/field,/browse,/admin/ping,/update/json/docs,/analysis/document,/select,/admin/mbeans,/update/csv,/elevate,/get,/update/json,/export,/update/extract,/admin/properties,/tvrh,/spell,/config,/debug/dump
INFO  - 2015-04-21 00:59:01.248; [gettingstarted shard2  gettingstarted_shard2_replica2] org.apache.solr.core.SolrCore; Using default statsCache cache: org.apache.solr.search.stats.LocalStatsCache
INFO  - 2015-04-21 00:59:01.250; [gettingstarted shard1  gettingstarted_shard1_replica2] org.apache.solr.core.SolrCore; Using default statsCache cache: org.apache.solr.search.stats.LocalStatsCache
INFO  - 2015-04-21 00:59:01.408; [gettingstarted shard1  gettingstarted_shard1_replica2] org.apache.solr.update.UpdateHandler; Using UpdateLog implementation: org.apache.solr.update.UpdateLog
INFO  - 2015-04-21 00:59:01.409; [gettingstarted shard2  gettingstarted_shard2_replica2] org.apache.solr.update.UpdateHandler; Using UpdateLog implementation: org.apache.solr.update.UpdateLog
INFO  - 2015-04-21 00:59:01.421; [gettingstarted shard2  gettingstarted_shard2_replica2] org.apache.solr.update.UpdateLog; Initializing UpdateLog: dataDir= defaultSyncLevel=FLUSH numRecordsToKeep=100 maxNumLogsToKeep=10
INFO  - 2015-04-21 00:59:01.425; [gettingstarted shard1  gettingstarted_shard1_replica2] org.apache.solr.update.UpdateLog; Initializing UpdateLog: dataDir= defaultSyncLevel=FLUSH numRecordsToKeep=100 maxNumLogsToKeep=10
INFO  - 2015-04-21 00:59:01.500; [gettingstarted shard1  gettingstarted_shard1_replica2] org.apache.solr.update.CommitTracker; Hard AutoCommit: if uncommited for 15000ms; 
INFO  - 2015-04-21 00:59:01.500; [gettingstarted shard1  gettingstarted_shard1_replica2] org.apache.solr.update.CommitTracker; Soft AutoCommit: disabled
INFO  - 2015-04-21 00:59:01.501; [gettingstarted shard2  gettingstarted_shard2_replica2] org.apache.solr.update.CommitTracker; Hard AutoCommit: if uncommited for 15000ms; 
INFO  - 2015-04-21 00:59:01.512; [gettingstarted shard2  gettingstarted_shard2_replica2] org.apache.solr.update.CommitTracker; Soft AutoCommit: disabled
INFO  - 2015-04-21 00:59:01.570; [gettingstarted shard2  gettingstarted_shard2_replica2] org.apache.solr.core.SolrDeletionPolicy; SolrDeletionPolicy.onInit: commits: num=1
	commit{dir=NRTCachingDirectory(MMapDirectory@/home/bear/cs373-idb/solr/example/cloud/node2/solr/gettingstarted_shard2_replica2/data/index lockFactory=org.apache.lucene.store.NativeFSLockFactory@40868ba; maxCacheMB=48.0 maxMergeSizeMB=4.0),segFN=segments_1,generation=1}
INFO  - 2015-04-21 00:59:01.571; [gettingstarted shard2  gettingstarted_shard2_replica2] org.apache.solr.core.SolrDeletionPolicy; newest commit generation = 1
INFO  - 2015-04-21 00:59:01.573; [gettingstarted shard1  gettingstarted_shard1_replica2] org.apache.solr.core.SolrDeletionPolicy; SolrDeletionPolicy.onInit: commits: num=1
	commit{dir=NRTCachingDirectory(MMapDirectory@/home/bear/cs373-idb/solr/example/cloud/node2/solr/gettingstarted_shard1_replica2/data/index lockFactory=org.apache.lucene.store.NativeFSLockFactory@40868ba; maxCacheMB=48.0 maxMergeSizeMB=4.0),segFN=segments_1,generation=1}
INFO  - 2015-04-21 00:59:01.573; [gettingstarted shard1  gettingstarted_shard1_replica2] org.apache.solr.core.SolrDeletionPolicy; newest commit generation = 1
INFO  - 2015-04-21 00:59:01.623; [gettingstarted shard2  gettingstarted_shard2_replica2] org.apache.solr.search.SolrIndexSearcher; Opening Searcher@6f14d1b5[gettingstarted_shard2_replica2] main
INFO  - 2015-04-21 00:59:01.653; [gettingstarted shard1  gettingstarted_shard1_replica2] org.apache.solr.search.SolrIndexSearcher; Opening Searcher@497c12f2[gettingstarted_shard1_replica2] main
INFO  - 2015-04-21 00:59:01.685; [gettingstarted shard1  gettingstarted_shard1_replica2] org.apache.solr.common.cloud.ZkStateReader; Load collection config from:/collections/gettingstarted
INFO  - 2015-04-21 00:59:01.686; [gettingstarted shard1  gettingstarted_shard1_replica2] org.apache.solr.common.cloud.ZkStateReader; path=/collections/gettingstarted configName=gettingstarted specified config exists in ZooKeeper
INFO  - 2015-04-21 00:59:01.686; [gettingstarted shard1  gettingstarted_shard1_replica2] org.apache.solr.rest.ManagedResourceStorage; Setting up ZooKeeper-based storage for the RestManager with znodeBase: /configs/gettingstarted
INFO  - 2015-04-21 00:59:01.688; [gettingstarted shard1  gettingstarted_shard1_replica2] org.apache.solr.rest.ManagedResourceStorage$ZooKeeperStorageIO; Configured ZooKeeperStorageIO with znodeBase: /configs/gettingstarted
INFO  - 2015-04-21 00:59:01.688; [gettingstarted shard1  gettingstarted_shard1_replica2] org.apache.solr.rest.RestManager; Initializing RestManager with initArgs: {}
INFO  - 2015-04-21 00:59:01.689; [gettingstarted shard2  gettingstarted_shard2_replica2] org.apache.solr.common.cloud.ZkStateReader; Load collection config from:/collections/gettingstarted
INFO  - 2015-04-21 00:59:01.697; [gettingstarted shard2  gettingstarted_shard2_replica2] org.apache.solr.common.cloud.ZkStateReader; path=/collections/gettingstarted configName=gettingstarted specified config exists in ZooKeeper
INFO  - 2015-04-21 00:59:01.697; [gettingstarted shard2  gettingstarted_shard2_replica2] org.apache.solr.rest.ManagedResourceStorage; Setting up ZooKeeper-based storage for the RestManager with znodeBase: /configs/gettingstarted
INFO  - 2015-04-21 00:59:01.709; [gettingstarted shard2  gettingstarted_shard2_replica2] org.apache.solr.rest.ManagedResourceStorage$ZooKeeperStorageIO; Configured ZooKeeperStorageIO with znodeBase: /configs/gettingstarted
INFO  - 2015-04-21 00:59:01.709; [gettingstarted shard2  gettingstarted_shard2_replica2] org.apache.solr.rest.RestManager; Initializing RestManager with initArgs: {}
INFO  - 2015-04-21 00:59:01.766; [gettingstarted shard2  gettingstarted_shard2_replica2] org.apache.solr.rest.ManagedResourceStorage; Reading _rest_managed.json using ZooKeeperStorageIO:path=/configs/gettingstarted
INFO  - 2015-04-21 00:59:01.767; [gettingstarted shard2  gettingstarted_shard2_replica2] org.apache.solr.rest.ManagedResourceStorage$ZooKeeperStorageIO; No data found for znode /configs/gettingstarted/_rest_managed.json
INFO  - 2015-04-21 00:59:01.767; [gettingstarted shard2  gettingstarted_shard2_replica2] org.apache.solr.rest.ManagedResourceStorage; Loaded null at path _rest_managed.json using ZooKeeperStorageIO:path=/configs/gettingstarted
INFO  - 2015-04-21 00:59:01.767; [gettingstarted shard2  gettingstarted_shard2_replica2] org.apache.solr.rest.RestManager; Initializing 0 registered ManagedResources
INFO  - 2015-04-21 00:59:01.768; [gettingstarted shard2  gettingstarted_shard2_replica2] org.apache.solr.schema.ZkIndexSchemaReader; Creating ZooKeeper watch for the managed schema at /configs/gettingstarted/managed-schema
INFO  - 2015-04-21 00:59:01.769; [gettingstarted shard1  gettingstarted_shard1_replica2] org.apache.solr.rest.ManagedResourceStorage; Reading _rest_managed.json using ZooKeeperStorageIO:path=/configs/gettingstarted
INFO  - 2015-04-21 00:59:01.769; [gettingstarted shard1  gettingstarted_shard1_replica2] org.apache.solr.rest.ManagedResourceStorage$ZooKeeperStorageIO; No data found for znode /configs/gettingstarted/_rest_managed.json
INFO  - 2015-04-21 00:59:01.770; [gettingstarted shard1  gettingstarted_shard1_replica2] org.apache.solr.rest.ManagedResourceStorage; Loaded null at path _rest_managed.json using ZooKeeperStorageIO:path=/configs/gettingstarted
INFO  - 2015-04-21 00:59:01.770; [gettingstarted shard1  gettingstarted_shard1_replica2] org.apache.solr.rest.RestManager; Initializing 0 registered ManagedResources
INFO  - 2015-04-21 00:59:01.770; [gettingstarted shard1  gettingstarted_shard1_replica2] org.apache.solr.schema.ZkIndexSchemaReader; Creating ZooKeeper watch for the managed schema at /configs/gettingstarted/managed-schema
INFO  - 2015-04-21 00:59:01.823; [gettingstarted shard2  gettingstarted_shard2_replica2] org.apache.solr.handler.component.SpellCheckComponent; Initializing spell checkers
INFO  - 2015-04-21 00:59:01.828; [gettingstarted shard1  gettingstarted_shard1_replica2] org.apache.solr.handler.component.SpellCheckComponent; Initializing spell checkers
INFO  - 2015-04-21 00:59:01.883; [gettingstarted shard2  gettingstarted_shard2_replica2] org.apache.solr.spelling.DirectSolrSpellChecker; init: {name=default,field=text,classname=solr.DirectSolrSpellChecker,distanceMeasure=internal,accuracy=0.5,maxEdits=2,minPrefix=1,maxInspections=5,minQueryLength=4,maxQueryFrequency=0.01}
INFO  - 2015-04-21 00:59:01.885; [gettingstarted shard1  gettingstarted_shard1_replica2] org.apache.solr.spelling.DirectSolrSpellChecker; init: {name=default,field=text,classname=solr.DirectSolrSpellChecker,distanceMeasure=internal,accuracy=0.5,maxEdits=2,minPrefix=1,maxInspections=5,minQueryLength=4,maxQueryFrequency=0.01}
INFO  - 2015-04-21 00:59:01.943; [gettingstarted shard1  gettingstarted_shard1_replica2] org.apache.solr.handler.component.SpellCheckComponent; No queryConverter defined, using default converter
INFO  - 2015-04-21 00:59:01.945; [gettingstarted shard2  gettingstarted_shard2_replica2] org.apache.solr.handler.component.SpellCheckComponent; No queryConverter defined, using default converter
INFO  - 2015-04-21 00:59:01.958; [gettingstarted shard2  gettingstarted_shard2_replica2] org.apache.solr.common.cloud.ZkStateReader; Load collection config from:/collections/gettingstarted
INFO  - 2015-04-21 00:59:01.959; [gettingstarted shard2  gettingstarted_shard2_replica2] org.apache.solr.common.cloud.ZkStateReader; path=/collections/gettingstarted configName=gettingstarted specified config exists in ZooKeeper
INFO  - 2015-04-21 00:59:01.961; [gettingstarted shard1  gettingstarted_shard1_replica2] org.apache.solr.common.cloud.ZkStateReader; Load collection config from:/collections/gettingstarted
INFO  - 2015-04-21 00:59:01.969; [gettingstarted shard1  gettingstarted_shard1_replica2] org.apache.solr.common.cloud.ZkStateReader; path=/collections/gettingstarted configName=gettingstarted specified config exists in ZooKeeper
INFO  - 2015-04-21 00:59:01.994; [gettingstarted shard2  gettingstarted_shard2_replica2] org.apache.solr.handler.ReplicationHandler; Commits will be reserved for  10000
INFO  - 2015-04-21 00:59:02.000; [gettingstarted shard2  gettingstarted_shard2_replica2] org.apache.solr.core.QuerySenderListener; QuerySenderListener sending requests to Searcher@6f14d1b5[gettingstarted_shard2_replica2] main{ExitableDirectoryReader(UninvertingDirectoryReader())}
INFO  - 2015-04-21 00:59:02.001; [gettingstarted shard2  gettingstarted_shard2_replica2] org.apache.solr.core.QuerySenderListener; QuerySenderListener done.
INFO  - 2015-04-21 00:59:02.001; [gettingstarted shard2  gettingstarted_shard2_replica2] org.apache.solr.handler.component.SpellCheckComponent$SpellCheckerListener; Loading spell index for spellchecker: default
INFO  - 2015-04-21 00:59:02.001; [gettingstarted shard2  gettingstarted_shard2_replica2] org.apache.solr.handler.component.SpellCheckComponent$SpellCheckerListener; Loading spell index for spellchecker: wordbreak
INFO  - 2015-04-21 00:59:02.001; [gettingstarted shard2  gettingstarted_shard2_replica2] org.apache.solr.core.SolrCore; [gettingstarted_shard2_replica2] Registered new searcher Searcher@6f14d1b5[gettingstarted_shard2_replica2] main{ExitableDirectoryReader(UninvertingDirectoryReader())}
INFO  - 2015-04-21 00:59:01.995; [gettingstarted shard1  gettingstarted_shard1_replica2] org.apache.solr.handler.ReplicationHandler; Commits will be reserved for  10000
INFO  - 2015-04-21 00:59:02.002; [gettingstarted shard1  gettingstarted_shard1_replica2] org.apache.solr.core.QuerySenderListener; QuerySenderListener sending requests to Searcher@497c12f2[gettingstarted_shard1_replica2] main{ExitableDirectoryReader(UninvertingDirectoryReader())}
INFO  - 2015-04-21 00:59:02.002; [gettingstarted shard1  gettingstarted_shard1_replica2] org.apache.solr.core.QuerySenderListener; QuerySenderListener done.
INFO  - 2015-04-21 00:59:02.002; [gettingstarted shard1  gettingstarted_shard1_replica2] org.apache.solr.handler.component.SpellCheckComponent$SpellCheckerListener; Loading spell index for spellchecker: default
INFO  - 2015-04-21 00:59:02.002; [gettingstarted shard1  gettingstarted_shard1_replica2] org.apache.solr.handler.component.SpellCheckComponent$SpellCheckerListener; Loading spell index for spellchecker: wordbreak
INFO  - 2015-04-21 00:59:02.002; [gettingstarted shard1  gettingstarted_shard1_replica2] org.apache.solr.core.SolrCore; [gettingstarted_shard1_replica2] Registered new searcher Searcher@497c12f2[gettingstarted_shard1_replica2] main{ExitableDirectoryReader(UninvertingDirectoryReader())}
INFO  - 2015-04-21 00:59:02.006; [gettingstarted shard2  gettingstarted_shard2_replica2] org.apache.solr.core.CoreContainer; registering core: gettingstarted_shard2_replica2
INFO  - 2015-04-21 00:59:02.006; [gettingstarted shard2  gettingstarted_shard2_replica2] org.apache.solr.cloud.ZkController; Register replica - core:gettingstarted_shard2_replica2 address:http://104.239.139.43:7574/solr collection:gettingstarted shard:shard2
INFO  - 2015-04-21 00:59:02.033; [gettingstarted shard1  gettingstarted_shard1_replica2] org.apache.solr.core.CoreContainer; registering core: gettingstarted_shard1_replica2
INFO  - 2015-04-21 00:59:02.034; [gettingstarted shard1  gettingstarted_shard1_replica2] org.apache.solr.cloud.ZkController; Register replica - core:gettingstarted_shard1_replica2 address:http://104.239.139.43:7574/solr collection:gettingstarted shard:shard1
INFO  - 2015-04-21 00:59:02.079; [gettingstarted shard1  gettingstarted_shard1_replica2] org.apache.solr.common.cloud.SolrZkClient; makePath: /collections/gettingstarted/leader_elect/shard1/election
INFO  - 2015-04-21 00:59:02.102; [gettingstarted shard2  gettingstarted_shard2_replica2] org.apache.solr.common.cloud.SolrZkClient; makePath: /collections/gettingstarted/leader_elect/shard2/election
INFO  - 2015-04-21 00:59:02.136; [gettingstarted shard1  gettingstarted_shard1_replica2] org.apache.solr.cloud.ShardLeaderElectionContext; Running the leader process for shard shard1
INFO  - 2015-04-21 00:59:02.150; [gettingstarted shard2  gettingstarted_shard2_replica2] org.apache.solr.cloud.ShardLeaderElectionContext; Running the leader process for shard shard2
INFO  - 2015-04-21 00:59:02.157; [gettingstarted shard1  gettingstarted_shard1_replica2] org.apache.solr.cloud.ShardLeaderElectionContext; Waiting until we see more replicas up for shard shard1: total=2 found=1 timeoutin=179992ms
INFO  - 2015-04-21 00:59:02.164; [   ] org.apache.solr.common.cloud.ZkStateReader$7; A cluster state change: WatchedEvent state:SyncConnected type:NodeDataChanged path:/collections/gettingstarted/state.json for collection gettingstarted has occurred - updating... (live nodes size: 2)
INFO  - 2015-04-21 00:59:02.178; [gettingstarted shard2  gettingstarted_shard2_replica2] org.apache.solr.cloud.ShardLeaderElectionContext; Waiting until we see more replicas up for shard shard2: total=2 found=1 timeoutin=179986ms
INFO  - 2015-04-21 00:59:02.178; [   ] org.apache.solr.common.cloud.ZkStateReader; Updating data for gettingstarted to ver 3 
INFO  - 2015-04-21 00:59:02.194; [   ] org.apache.solr.common.cloud.ZkStateReader$7; A cluster state change: WatchedEvent state:SyncConnected type:NodeDataChanged path:/collections/gettingstarted/state.json for collection gettingstarted has occurred - updating... (live nodes size: 2)
INFO  - 2015-04-21 00:59:02.195; [   ] org.apache.solr.common.cloud.ZkStateReader; Updating data for gettingstarted to ver 4 
INFO  - 2015-04-21 00:59:06.215; [gettingstarted shard2  gettingstarted_shard2_replica2] org.apache.solr.cloud.ShardLeaderElectionContext; Enough replicas found to continue.
INFO  - 2015-04-21 00:59:06.215; [gettingstarted shard2  gettingstarted_shard2_replica2] org.apache.solr.cloud.ShardLeaderElectionContext; I may be the new leader - try and sync
INFO  - 2015-04-21 00:59:06.217; [gettingstarted shard1  gettingstarted_shard1_replica2] org.apache.solr.cloud.ShardLeaderElectionContext; Enough replicas found to continue.
INFO  - 2015-04-21 00:59:06.217; [gettingstarted shard1  gettingstarted_shard1_replica2] org.apache.solr.cloud.ShardLeaderElectionContext; I may be the new leader - try and sync
INFO  - 2015-04-21 00:59:06.218; [gettingstarted shard1  gettingstarted_shard1_replica2] org.apache.solr.cloud.SyncStrategy; Sync replicas to http://104.239.139.43:7574/solr/gettingstarted_shard1_replica2/
INFO  - 2015-04-21 00:59:06.221; [gettingstarted shard2  gettingstarted_shard2_replica2] org.apache.solr.cloud.SyncStrategy; Sync replicas to http://104.239.139.43:7574/solr/gettingstarted_shard2_replica2/
INFO  - 2015-04-21 00:59:06.224; [gettingstarted shard2  gettingstarted_shard2_replica2] org.apache.solr.update.PeerSync; PeerSync: core=gettingstarted_shard2_replica2 url=http://104.239.139.43:7574/solr START replicas=[http://104.239.139.43:8983/solr/gettingstarted_shard2_replica1/] nUpdates=100
INFO  - 2015-04-21 00:59:06.227; [gettingstarted shard1  gettingstarted_shard1_replica2] org.apache.solr.update.PeerSync; PeerSync: core=gettingstarted_shard1_replica2 url=http://104.239.139.43:7574/solr START replicas=[http://104.239.139.43:8983/solr/gettingstarted_shard1_replica1/] nUpdates=100
INFO  - 2015-04-21 00:59:06.241; [gettingstarted shard1  gettingstarted_shard1_replica2] org.apache.solr.update.PeerSync; PeerSync: core=gettingstarted_shard1_replica2 url=http://104.239.139.43:7574/solr DONE.  We have no versions.  sync failed.
INFO  - 2015-04-21 00:59:06.241; [gettingstarted shard1  gettingstarted_shard1_replica2] org.apache.solr.cloud.SyncStrategy; Leader's attempt to sync with shard failed, moving to the next candidate
INFO  - 2015-04-21 00:59:06.241; [gettingstarted shard1  gettingstarted_shard1_replica2] org.apache.solr.cloud.ShardLeaderElectionContext; We failed sync, but we have no versions - we can't sync in that case - we were active before, so become leader anyway
INFO  - 2015-04-21 00:59:06.242; [gettingstarted shard1  gettingstarted_shard1_replica2] org.apache.solr.cloud.ShardLeaderElectionContext; I am the new leader: http://104.239.139.43:7574/solr/gettingstarted_shard1_replica2/ shard1
INFO  - 2015-04-21 00:59:06.243; [gettingstarted shard1  gettingstarted_shard1_replica2] org.apache.solr.common.cloud.SolrZkClient; makePath: /collections/gettingstarted/leaders/shard1
INFO  - 2015-04-21 00:59:06.245; [gettingstarted shard2  gettingstarted_shard2_replica2] org.apache.solr.update.PeerSync; PeerSync: core=gettingstarted_shard2_replica2 url=http://104.239.139.43:7574/solr DONE.  We have no versions.  sync failed.
INFO  - 2015-04-21 00:59:06.245; [gettingstarted shard2  gettingstarted_shard2_replica2] org.apache.solr.cloud.SyncStrategy; Leader's attempt to sync with shard failed, moving to the next candidate
INFO  - 2015-04-21 00:59:06.245; [gettingstarted shard2  gettingstarted_shard2_replica2] org.apache.solr.cloud.ShardLeaderElectionContext; We failed sync, but we have no versions - we can't sync in that case - we were active before, so become leader anyway
INFO  - 2015-04-21 00:59:06.245; [gettingstarted shard2  gettingstarted_shard2_replica2] org.apache.solr.cloud.ShardLeaderElectionContext; I am the new leader: http://104.239.139.43:7574/solr/gettingstarted_shard2_replica2/ shard2
INFO  - 2015-04-21 00:59:06.246; [gettingstarted shard2  gettingstarted_shard2_replica2] org.apache.solr.common.cloud.SolrZkClient; makePath: /collections/gettingstarted/leaders/shard2
INFO  - 2015-04-21 00:59:06.278; [   ] org.apache.solr.common.cloud.ZkStateReader$7; A cluster state change: WatchedEvent state:SyncConnected type:NodeDataChanged path:/collections/gettingstarted/state.json for collection gettingstarted has occurred - updating... (live nodes size: 2)
INFO  - 2015-04-21 00:59:06.286; [   ] org.apache.solr.common.cloud.ZkStateReader; Updating data for gettingstarted to ver 5 
INFO  - 2015-04-21 00:59:06.302; [   ] org.apache.solr.common.cloud.ZkStateReader$7; A cluster state change: WatchedEvent state:SyncConnected type:NodeDataChanged path:/collections/gettingstarted/state.json for collection gettingstarted has occurred - updating... (live nodes size: 2)
INFO  - 2015-04-21 00:59:06.304; [   ] org.apache.solr.common.cloud.ZkStateReader; Updating data for gettingstarted to ver 6 
INFO  - 2015-04-21 00:59:06.327; [gettingstarted shard2  gettingstarted_shard2_replica2] org.apache.solr.cloud.ZkController; We are http://104.239.139.43:7574/solr/gettingstarted_shard2_replica2/ and leader is http://104.239.139.43:7574/solr/gettingstarted_shard2_replica2/
INFO  - 2015-04-21 00:59:06.330; [gettingstarted shard2  gettingstarted_shard2_replica2] org.apache.solr.cloud.ZkController; No LogReplay needed for core=gettingstarted_shard2_replica2 baseURL=http://104.239.139.43:7574/solr
INFO  - 2015-04-21 00:59:06.330; [gettingstarted shard2  gettingstarted_shard2_replica2] org.apache.solr.cloud.ZkController; I am the leader, no recovery necessary
INFO  - 2015-04-21 00:59:06.330; [gettingstarted shard2  gettingstarted_shard2_replica2] org.apache.solr.cloud.ZkController; publishing core=gettingstarted_shard2_replica2 state=active collection=gettingstarted
INFO  - 2015-04-21 00:59:06.337; [gettingstarted shard2  gettingstarted_shard2_replica2] org.apache.solr.common.cloud.ZkStateReader; Updating data for gettingstarted to ver 6 
INFO  - 2015-04-21 00:59:06.339; [gettingstarted shard1  gettingstarted_shard1_replica2] org.apache.solr.cloud.ZkController; We are http://104.239.139.43:7574/solr/gettingstarted_shard1_replica2/ and leader is http://104.239.139.43:7574/solr/gettingstarted_shard1_replica2/
INFO  - 2015-04-21 00:59:06.339; [gettingstarted shard1  gettingstarted_shard1_replica2] org.apache.solr.cloud.ZkController; No LogReplay needed for core=gettingstarted_shard1_replica2 baseURL=http://104.239.139.43:7574/solr
INFO  - 2015-04-21 00:59:06.339; [gettingstarted shard1  gettingstarted_shard1_replica2] org.apache.solr.cloud.ZkController; I am the leader, no recovery necessary
INFO  - 2015-04-21 00:59:06.339; [gettingstarted shard1  gettingstarted_shard1_replica2] org.apache.solr.cloud.ZkController; publishing core=gettingstarted_shard1_replica2 state=active collection=gettingstarted
INFO  - 2015-04-21 00:59:06.367; [   ] org.apache.solr.common.cloud.ZkStateReader$7; A cluster state change: WatchedEvent state:SyncConnected type:NodeDataChanged path:/collections/gettingstarted/state.json for collection gettingstarted has occurred - updating... (live nodes size: 2)
INFO  - 2015-04-21 00:59:06.368; [gettingstarted shard1  gettingstarted_shard1_replica2] org.apache.solr.common.cloud.ZkStateReader; Updating data for gettingstarted to ver 7 
INFO  - 2015-04-21 00:59:06.397; [   ] org.apache.solr.common.cloud.ZkStateReader; Updating data for gettingstarted to ver 8 
INFO  - 2015-04-21 00:59:06.414; [gettingstarted shard1  gettingstarted_shard1_replica2] org.apache.solr.servlet.SolrDispatchFilter; [admin] webapp=null path=/admin/cores params={numShards=2&shard=shard1&collection.configName=gettingstarted&name=gettingstarted_shard1_replica2&action=CREATE&collection=gettingstarted&wt=javabin&qt=/admin/cores&version=2} status=0 QTime=21840 
INFO  - 2015-04-21 00:59:06.414; [gettingstarted shard2  gettingstarted_shard2_replica2] org.apache.solr.servlet.SolrDispatchFilter; [admin] webapp=null path=/admin/cores params={numShards=2&shard=shard2&collection.configName=gettingstarted&name=gettingstarted_shard2_replica2&action=CREATE&collection=gettingstarted&wt=javabin&qt=/admin/cores&version=2} status=0 QTime=21849 
INFO  - 2015-04-21 00:59:07.202; [   ] org.apache.solr.common.cloud.ZkStateReader$7; A cluster state change: WatchedEvent state:SyncConnected type:NodeDataChanged path:/collections/gettingstarted/state.json for collection gettingstarted has occurred - updating... (live nodes size: 2)
INFO  - 2015-04-21 00:59:07.205; [   ] org.apache.solr.common.cloud.ZkStateReader; Updating data for gettingstarted to ver 9 
INFO  - 2015-04-21 00:59:07.226; [   ] org.apache.solr.handler.admin.CoreAdminHandler; Going to wait for coreNodeName: core_node1, state: recovering, checkLive: true, onlyIfLeader: true, onlyIfLeaderActive: true
INFO  - 2015-04-21 00:59:07.232; [   ] org.apache.solr.common.cloud.ZkStateReader; Updating data for gettingstarted to ver 9 
INFO  - 2015-04-21 00:59:07.232; [   ] org.apache.solr.handler.admin.CoreAdminHandler; Will wait a max of 183 seconds to see gettingstarted_shard1_replica2 (shard1 of gettingstarted) have state: recovering
INFO  - 2015-04-21 00:59:07.237; [   ] org.apache.solr.handler.admin.CoreAdminHandler; Going to wait for coreNodeName: core_node2, state: recovering, checkLive: true, onlyIfLeader: true, onlyIfLeaderActive: true
INFO  - 2015-04-21 00:59:07.240; [   ] org.apache.solr.handler.admin.CoreAdminHandler; In WaitForState(recovering): collection=gettingstarted, shard=shard1, thisCore=gettingstarted_shard1_replica2, leaderDoesNotNeedRecovery=false, isLeader? true, live=true, checkLive=true, currentState=recovering, localState=active, nodeName=104.239.139.43:8983_solr, coreNodeName=core_node1, onlyIfActiveCheckResult=false, nodeProps: core_node1:{"state":"recovering","core":"gettingstarted_shard1_replica1","node_name":"104.239.139.43:8983_solr","base_url":"http://104.239.139.43:8983/solr"}
INFO  - 2015-04-21 00:59:07.240; [   ] org.apache.solr.handler.admin.CoreAdminHandler; Waited coreNodeName: core_node1, state: recovering, checkLive: true, onlyIfLeader: true for: 0 seconds.
INFO  - 2015-04-21 00:59:07.240; [   ] org.apache.solr.servlet.SolrDispatchFilter; [admin] webapp=null path=/admin/cores params={coreNodeName=core_node1&onlyIfLeaderActive=true&state=recovering&nodeName=104.239.139.43:8983_solr&action=PREPRECOVERY&checkLive=true&core=gettingstarted_shard1_replica2&wt=javabin&onlyIfLeader=true&version=2} status=0 QTime=14 
INFO  - 2015-04-21 00:59:07.255; [   ] org.apache.solr.common.cloud.ZkStateReader; Updating data for gettingstarted to ver 9 
INFO  - 2015-04-21 00:59:07.257; [   ] org.apache.solr.handler.admin.CoreAdminHandler; Will wait a max of 183 seconds to see gettingstarted_shard2_replica2 (shard2 of gettingstarted) have state: recovering
INFO  - 2015-04-21 00:59:07.258; [   ] org.apache.solr.handler.admin.CoreAdminHandler; In WaitForState(recovering): collection=gettingstarted, shard=shard2, thisCore=gettingstarted_shard2_replica2, leaderDoesNotNeedRecovery=false, isLeader? true, live=true, checkLive=true, currentState=down, localState=active, nodeName=104.239.139.43:8983_solr, coreNodeName=core_node2, onlyIfActiveCheckResult=false, nodeProps: core_node2:{"state":"down","core":"gettingstarted_shard2_replica1","node_name":"104.239.139.43:8983_solr","base_url":"http://104.239.139.43:8983/solr"}
INFO  - 2015-04-21 00:59:07.258; [   ] org.apache.solr.common.cloud.ZkStateReader$7; A cluster state change: WatchedEvent state:SyncConnected type:NodeDataChanged path:/collections/gettingstarted/state.json for collection gettingstarted has occurred - updating... (live nodes size: 2)
INFO  - 2015-04-21 00:59:07.262; [   ] org.apache.solr.common.cloud.ZkStateReader; Updating data for gettingstarted to ver 10 
INFO  - 2015-04-21 00:59:08.258; [   ] org.apache.solr.handler.admin.CoreAdminHandler; In WaitForState(recovering): collection=gettingstarted, shard=shard2, thisCore=gettingstarted_shard2_replica2, leaderDoesNotNeedRecovery=false, isLeader? true, live=true, checkLive=true, currentState=recovering, localState=active, nodeName=104.239.139.43:8983_solr, coreNodeName=core_node2, onlyIfActiveCheckResult=false, nodeProps: core_node2:{"state":"recovering","core":"gettingstarted_shard2_replica1","node_name":"104.239.139.43:8983_solr","base_url":"http://104.239.139.43:8983/solr"}
INFO  - 2015-04-21 00:59:08.259; [   ] org.apache.solr.handler.admin.CoreAdminHandler; Waited coreNodeName: core_node2, state: recovering, checkLive: true, onlyIfLeader: true for: 1 seconds.
INFO  - 2015-04-21 00:59:08.259; [   ] org.apache.solr.servlet.SolrDispatchFilter; [admin] webapp=null path=/admin/cores params={coreNodeName=core_node2&onlyIfLeaderActive=true&state=recovering&nodeName=104.239.139.43:8983_solr&action=PREPRECOVERY&checkLive=true&core=gettingstarted_shard2_replica2&wt=javabin&onlyIfLeader=true&version=2} status=0 QTime=1023 
INFO  - 2015-04-21 00:59:14.270; [gettingstarted shard1 core_node4 gettingstarted_shard1_replica2] org.apache.solr.core.SolrCore; [gettingstarted_shard1_replica2] webapp=/solr path=/get params={getVersions=100&distrib=false&wt=javabin&qt=/get&version=2} status=0 QTime=1 
INFO  - 2015-04-21 00:59:14.279; [gettingstarted shard1 core_node4 gettingstarted_shard1_replica2] org.apache.solr.update.DirectUpdateHandler2; start commit{,optimize=false,openSearcher=false,waitSearcher=true,expungeDeletes=false,softCommit=false,prepareCommit=false}
INFO  - 2015-04-21 00:59:14.279; [gettingstarted shard1 core_node4 gettingstarted_shard1_replica2] org.apache.solr.update.DirectUpdateHandler2; No uncommitted changes. Skipping IW.commit.
INFO  - 2015-04-21 00:59:14.280; [gettingstarted shard1 core_node4 gettingstarted_shard1_replica2] org.apache.solr.update.DirectUpdateHandler2; end_commit_flush
INFO  - 2015-04-21 00:59:14.280; [gettingstarted shard1 core_node4 gettingstarted_shard1_replica2] org.apache.solr.update.processor.LogUpdateProcessor; [gettingstarted_shard1_replica2] webapp=/solr path=/update params={waitSearcher=true&openSearcher=false&commit=true&wt=javabin&commit_end_point=true&version=2&softCommit=false} {commit=} 0 16
INFO  - 2015-04-21 00:59:14.290; [gettingstarted shard1 core_node4 gettingstarted_shard1_replica2] org.apache.solr.core.SolrCore; [gettingstarted_shard1_replica2] webapp=/solr path=/replication params={command=indexversion&qt=/replication&wt=javabin&version=2} status=0 QTime=1 
INFO  - 2015-04-21 00:59:14.296; [   ] org.apache.solr.common.cloud.ZkStateReader$7; A cluster state change: WatchedEvent state:SyncConnected type:NodeDataChanged path:/collections/gettingstarted/state.json for collection gettingstarted has occurred - updating... (live nodes size: 2)
INFO  - 2015-04-21 00:59:14.297; [   ] org.apache.solr.common.cloud.ZkStateReader; Updating data for gettingstarted to ver 11 
INFO  - 2015-04-21 00:59:15.267; [gettingstarted shard2 core_node3 gettingstarted_shard2_replica2] org.apache.solr.update.DirectUpdateHandler2; start commit{,optimize=false,openSearcher=false,waitSearcher=true,expungeDeletes=false,softCommit=false,prepareCommit=false}
INFO  - 2015-04-21 00:59:15.267; [gettingstarted shard2 core_node3 gettingstarted_shard2_replica2] org.apache.solr.update.DirectUpdateHandler2; No uncommitted changes. Skipping IW.commit.
INFO  - 2015-04-21 00:59:15.267; [gettingstarted shard2 core_node3 gettingstarted_shard2_replica2] org.apache.solr.core.SolrCore; [gettingstarted_shard2_replica2] webapp=/solr path=/get params={getVersions=100&distrib=false&wt=javabin&qt=/get&version=2} status=0 QTime=1 
INFO  - 2015-04-21 00:59:15.269; [gettingstarted shard2 core_node3 gettingstarted_shard2_replica2] org.apache.solr.update.DirectUpdateHandler2; end_commit_flush
INFO  - 2015-04-21 00:59:15.269; [gettingstarted shard2 core_node3 gettingstarted_shard2_replica2] org.apache.solr.update.processor.LogUpdateProcessor; [gettingstarted_shard2_replica2] webapp=/solr path=/update params={waitSearcher=true&openSearcher=false&commit=true&wt=javabin&commit_end_point=true&version=2&softCommit=false} {commit=} 0 3
INFO  - 2015-04-21 00:59:15.272; [gettingstarted shard2 core_node3 gettingstarted_shard2_replica2] org.apache.solr.core.SolrCore; [gettingstarted_shard2_replica2] webapp=/solr path=/replication params={command=indexversion&qt=/replication&wt=javabin&version=2} status=0 QTime=0 
INFO  - 2015-04-21 00:59:15.278; [   ] org.apache.solr.common.cloud.ZkStateReader$7; A cluster state change: WatchedEvent state:SyncConnected type:NodeDataChanged path:/collections/gettingstarted/state.json for collection gettingstarted has occurred - updating... (live nodes size: 2)
INFO  - 2015-04-21 00:59:15.279; [   ] org.apache.solr.common.cloud.ZkStateReader; Updating data for gettingstarted to ver 12 
INFO  - 2015-04-21 00:59:30.870; [   ] org.apache.solr.common.cloud.ZkStateReader$7; A cluster state change: WatchedEvent state:SyncConnected type:NodeDataChanged path:/collections/gettingstarted/state.json for collection gettingstarted has occurred - updating... (live nodes size: 2)
INFO  - 2015-04-21 00:59:30.871; [   ] org.apache.solr.common.cloud.ZkStateReader; Updating data for gettingstarted to ver 13 
INFO  - 2015-04-21 00:59:30.878; [   ] org.apache.solr.common.cloud.ZkStateReader$7; A cluster state change: WatchedEvent state:SyncConnected type:NodeDataChanged path:/collections/gettingstarted/state.json for collection gettingstarted has occurred - updating... (live nodes size: 2)
INFO  - 2015-04-21 00:59:30.880; [   ] org.apache.solr.common.cloud.ZkStateReader; Updating data for gettingstarted to ver 14 
INFO  - 2015-04-21 00:59:30.916; [   ] org.apache.solr.cloud.OverseerElectionContext; I am going to be the leader 104.239.139.43:7574_solr
INFO  - 2015-04-21 00:59:30.917; [   ] org.apache.solr.common.cloud.SolrZkClient; makePath: /overseer_elect/leader
INFO  - 2015-04-21 00:59:30.919; [   ] org.apache.solr.cloud.Overseer; Overseer (id=93688818242224129-104.239.139.43:7574_solr-n_0000000001) starting
INFO  - 2015-04-21 00:59:30.951; [   ] org.apache.solr.cloud.OverseerAutoReplicaFailoverThread; Starting OverseerAutoReplicaFailoverThread autoReplicaFailoverWorkLoopDelay=10000 autoReplicaFailoverWaitAfterExpiration=30000 autoReplicaFailoverBadNodeExpiration=60000
INFO  - 2015-04-21 00:59:30.953; [   ] org.apache.solr.cloud.Overseer$ClusterStateUpdater; Starting to work on the main queue
INFO  - 2015-04-21 00:59:30.956; [   ] org.apache.solr.cloud.OverseerCollectionProcessor; Process current queue of collection creations
INFO  - 2015-04-21 00:59:30.962; [   ] org.apache.solr.common.cloud.ZkStateReader; Updating data for gettingstarted to ver 14 
INFO  - 2015-04-21 00:59:32.893; [   ] org.apache.solr.common.cloud.ConnectionManager; Watcher org.apache.solr.common.cloud.ConnectionManager@1a32b772 name:ZooKeeperConnection Watcher:localhost:9983 got event WatchedEvent state:Disconnected type:None path:null path:null type:None
INFO  - 2015-04-21 00:59:32.893; [   ] org.apache.solr.common.cloud.ConnectionManager; zkClient has disconnected
WARN  - 2015-04-21 00:59:34.807; [   ] org.apache.zookeeper.ClientCnxn$SendThread; Session 0x14cd97bdac10001 for server null, unexpected error, closing socket connection and attempting reconnect
java.net.ConnectException: Connection refused
	at sun.nio.ch.SocketChannelImpl.checkConnect(Native Method)
	at sun.nio.ch.SocketChannelImpl.finishConnect(SocketChannelImpl.java:739)
	at org.apache.zookeeper.ClientCnxnSocketNIO.doTransport(ClientCnxnSocketNIO.java:361)
	at org.apache.zookeeper.ClientCnxn$SendThread.run(ClientCnxn.java:1081)
INFO  - 2015-04-21 00:59:35.289; [   ] org.eclipse.jetty.server.Server; Graceful shutdown SocketConnector@0.0.0.0:7574
INFO  - 2015-04-21 00:59:35.289; [   ] org.eclipse.jetty.server.Server; Graceful shutdown o.e.j.w.WebAppContext{/solr,file:/home/bear/cs373-idb/solr/server/solr-webapp/webapp/},/home/bear/cs373-idb/solr/server/webapps/solr.war
WARN  - 2015-04-21 00:59:36.136; [   ] org.apache.zookeeper.ClientCnxn$SendThread; Session 0x14cd97bdac10001 for server null, unexpected error, closing socket connection and attempting reconnect
java.net.ConnectException: Connection refused
	at sun.nio.ch.SocketChannelImpl.checkConnect(Native Method)
	at sun.nio.ch.SocketChannelImpl.finishConnect(SocketChannelImpl.java:739)
	at org.apache.zookeeper.ClientCnxnSocketNIO.doTransport(ClientCnxnSocketNIO.java:361)
	at org.apache.zookeeper.ClientCnxn$SendThread.run(ClientCnxn.java:1081)
INFO  - 2015-04-21 00:59:36.290; [   ] org.apache.solr.core.CoreContainer; Shutting down CoreContainer instance=135468765
INFO  - 2015-04-21 00:59:36.291; [gettingstarted   gettingstarted_shard2_replica2] org.apache.solr.cloud.ZkController; publishing core=gettingstarted_shard2_replica2 state=down collection=gettingstarted
WARN  - 2015-04-21 00:59:37.559; [   ] org.apache.zookeeper.ClientCnxn$SendThread; Session 0x14cd97bdac10001 for server null, unexpected error, closing socket connection and attempting reconnect
java.net.ConnectException: Connection refused
	at sun.nio.ch.SocketChannelImpl.checkConnect(Native Method)
	at sun.nio.ch.SocketChannelImpl.finishConnect(SocketChannelImpl.java:739)
	at org.apache.zookeeper.ClientCnxnSocketNIO.doTransport(ClientCnxnSocketNIO.java:361)
	at org.apache.zookeeper.ClientCnxn$SendThread.run(ClientCnxn.java:1081)
WARN  - 2015-04-21 00:59:39.292; [   ] org.apache.zookeeper.ClientCnxn$SendThread; Session 0x14cd97bdac10001 for server null, unexpected error, closing socket connection and attempting reconnect
java.net.ConnectException: Connection refused
	at sun.nio.ch.SocketChannelImpl.checkConnect(Native Method)
	at sun.nio.ch.SocketChannelImpl.finishConnect(SocketChannelImpl.java:739)
	at org.apache.zookeeper.ClientCnxnSocketNIO.doTransport(ClientCnxnSocketNIO.java:361)
	at org.apache.zookeeper.ClientCnxn$SendThread.run(ClientCnxn.java:1081)
WARN  - 2015-04-21 00:59:40.424; [   ] org.apache.zookeeper.ClientCnxn$SendThread; Session 0x14cd97bdac10001 for server null, unexpected error, closing socket connection and attempting reconnect
java.net.ConnectException: Connection refused
	at sun.nio.ch.SocketChannelImpl.checkConnect(Native Method)
	at sun.nio.ch.SocketChannelImpl.finishConnect(SocketChannelImpl.java:739)
	at org.apache.zookeeper.ClientCnxnSocketNIO.doTransport(ClientCnxnSocketNIO.java:361)
	at org.apache.zookeeper.ClientCnxn$SendThread.run(ClientCnxn.java:1081)
