WARNING: System properties and/or JVM args set.  Consider using --dry-run or --exec
0    [main] INFO  org.eclipse.jetty.server.Server  [   ] – jetty-8.1.10.v20130312
44   [main] INFO  org.eclipse.jetty.deploy.providers.ScanningAppProvider  [   ] – Deployment monitor /home/bear/cs373-idb/solr/server/contexts at interval 0
50   [main] INFO  org.eclipse.jetty.deploy.DeploymentManager  [   ] – Deployable added: /home/bear/cs373-idb/solr/server/contexts/solr-jetty-context.xml
145  [main] INFO  org.eclipse.jetty.webapp.WebInfConfiguration  [   ] – Extract jar:file:/home/bear/cs373-idb/solr/server/webapps/solr.war!/ to /home/bear/cs373-idb/solr/server/solr-webapp/webapp
2430 [main] INFO  org.eclipse.jetty.webapp.StandardDescriptorProcessor  [   ] – NO JSP Support for /solr, did not find org.apache.jasper.servlet.JspServlet
2564 [main] INFO  org.apache.solr.servlet.SolrDispatchFilter  [   ] – SolrDispatchFilter.init()WebAppClassLoader=1721979929@66a35419
2588 [main] INFO  org.apache.solr.core.SolrResourceLoader  [   ] – JNDI not configured for solr (NoInitialContextEx)
2588 [main] INFO  org.apache.solr.core.SolrResourceLoader  [   ] – using system property solr.solr.home: /home/bear/cs373-idb/solr/server/solr
2593 [main] INFO  org.apache.solr.core.SolrResourceLoader  [   ] – new SolrResourceLoader for directory: '/home/bear/cs373-idb/solr/server/solr/'
2789 [main] INFO  org.apache.solr.core.SolrXmlConfig  [   ] – Loading container configuration from /home/bear/cs373-idb/solr/server/solr/solr.xml
3016 [main] INFO  org.apache.solr.core.CoresLocator  [   ] – Config-defined core root directory: /home/bear/cs373-idb/solr/server/solr
3040 [main] INFO  org.apache.solr.core.CoreContainer  [   ] – New CoreContainer 1145794654
3041 [main] INFO  org.apache.solr.core.CoreContainer  [   ] – Loading cores into CoreContainer [instanceDir=/home/bear/cs373-idb/solr/server/solr/]
3041 [main] INFO  org.apache.solr.core.CoreContainer  [   ] – loading shared library: /home/bear/cs373-idb/solr/server/solr/lib
3041 [main] WARN  org.apache.solr.core.SolrResourceLoader  [   ] – Can't find (or read) directory to add to classloader: lib (resolved as: /home/bear/cs373-idb/solr/server/solr/lib).
3064 [main] INFO  org.apache.solr.handler.component.HttpShardHandlerFactory  [   ] – Setting socketTimeout to: 600000
3066 [main] INFO  org.apache.solr.handler.component.HttpShardHandlerFactory  [   ] – Setting urlScheme to: null
3070 [main] INFO  org.apache.solr.handler.component.HttpShardHandlerFactory  [   ] – Setting connTimeout to: 60000
3070 [main] INFO  org.apache.solr.handler.component.HttpShardHandlerFactory  [   ] – Setting maxConnectionsPerHost to: 20
3071 [main] INFO  org.apache.solr.handler.component.HttpShardHandlerFactory  [   ] – Setting maxConnections to: 10000
3071 [main] INFO  org.apache.solr.handler.component.HttpShardHandlerFactory  [   ] – Setting corePoolSize to: 0
3071 [main] INFO  org.apache.solr.handler.component.HttpShardHandlerFactory  [   ] – Setting maximumPoolSize to: 2147483647
3071 [main] INFO  org.apache.solr.handler.component.HttpShardHandlerFactory  [   ] – Setting maxThreadIdleTime to: 5
3072 [main] INFO  org.apache.solr.handler.component.HttpShardHandlerFactory  [   ] – Setting sizeOfQueue to: -1
3072 [main] INFO  org.apache.solr.handler.component.HttpShardHandlerFactory  [   ] – Setting fairnessPolicy to: false
3072 [main] INFO  org.apache.solr.handler.component.HttpShardHandlerFactory  [   ] – Setting useRetries to: false
3446 [main] INFO  org.apache.solr.update.UpdateShardHandler  [   ] – Creating UpdateShardHandler HTTP client with params: socketTimeout=600000&connTimeout=60000&retry=true
3448 [main] INFO  org.apache.solr.logging.LogWatcher  [   ] – SLF4J impl is org.slf4j.impl.Log4jLoggerFactory
3449 [main] INFO  org.apache.solr.logging.LogWatcher  [   ] – Registering Log Listener [Log4j (org.slf4j.impl.Log4jLoggerFactory)]
3450 [main] INFO  org.apache.solr.core.CoreContainer  [   ] – Node Name: 
3482 [main] INFO  org.apache.solr.core.CoresLocator  [   ] – Looking for core definitions underneath /home/bear/cs373-idb/solr/server/solr
3491 [main] INFO  org.apache.solr.core.CoresLocator  [   ] – Found 0 core definitions
3493 [main] INFO  org.apache.solr.servlet.SolrDispatchFilter  [   ] – user.dir=/home/bear/cs373-idb/solr/server
3493 [main] INFO  org.apache.solr.servlet.SolrDispatchFilter  [   ] – SolrDispatchFilter.init() done
3542 [main] INFO  org.eclipse.jetty.server.AbstractConnector  [   ] – Started SocketConnector@0.0.0.0:8983
10056 [ShutdownMonitor] INFO  org.eclipse.jetty.server.Server  [   ] – Graceful shutdown SocketConnector@0.0.0.0:8983
10060 [ShutdownMonitor] INFO  org.eclipse.jetty.server.Server  [   ] – Graceful shutdown o.e.j.w.WebAppContext{/solr,file:/home/bear/cs373-idb/solr/server/solr-webapp/webapp/},/home/bear/cs373-idb/solr/server/webapps/solr.war
11061 [ShutdownMonitor] INFO  org.apache.solr.core.CoreContainer  [   ] – Shutting down CoreContainer instance=1145794654
11069 [ShutdownMonitor] INFO  org.eclipse.jetty.server.handler.ContextHandler  [   ] – stopped o.e.j.w.WebAppContext{/solr,file:/home/bear/cs373-idb/solr/server/solr-webapp/webapp/},/home/bear/cs373-idb/solr/server/webapps/solr.war
